[0;34mWildfire Watch Test Runner with Python Version Selection[0m
[0;34m=======================================================[0m
[0;34mValidating Python environment...[0m
[0;32m‚úÖ python3.12 available: Python 3.12.11[0m
[0;32m‚úÖ python3.10 available: Python 3.10.18[0m
[0;32m‚úÖ python3.8 available: Python 3.8.10[0m
[0;32mEnvironment validation complete (3/3 versions available)[0m
[0;34mRunning all tests with appropriate Python versions...[0m
[0;34mRunning Python 3.12 tests...[0m
[0;32m‚úÖ python3.12 available: Python 3.12.11[0m
Starting pytest session with Python 3.12
Test collection will be restricted to Python 3.12 compatible tests
[1m============================= test session starts ==============================[0m
platform linux -- Python 3.12.11, pytest-8.4.0, pluggy-1.6.0 -- /usr/bin/python3.12
cachedir: .pytest_cache
rootdir: /home/seth/wildfire-watch
configfile: pytest-python312.ini
testpaths: tests
plugins: cov-6.1.1, timeout-2.4.0, xdist-3.7.0, mock-3.14.1, asyncio-1.0.0, anyio-4.4.0
timeout: 3600.0s
timeout method: thread
timeout func_only: True
asyncio: mode=Mode.STRICT, asyncio_default_fixture_loop_scope=None, asyncio_default_test_loop_scope=function
created: 12/12 workers

==================================== ERRORS ====================================
[31m[1m________________ ERROR collecting tests/test_api_integration.py ________________[0m
'api_usage' not found in `markers` configuration option
[31m[1m________________ ERROR collecting tests/test_api_integration.py ________________[0m
'api_usage' not found in `markers` configuration option
[31m[1m________________ ERROR collecting tests/test_api_integration.py ________________[0m
'api_usage' not found in `markers` configuration option
[31m[1m________________ ERROR collecting tests/test_api_integration.py ________________[0m
'api_usage' not found in `markers` configuration option
[31m[1m________________ ERROR collecting tests/test_api_integration.py ________________[0m
'api_usage' not found in `markers` configuration option
[31m[1m________________ ERROR collecting tests/test_api_integration.py ________________[0m
'api_usage' not found in `markers` configuration option
[31m[1m________________ ERROR collecting tests/test_api_integration.py ________________[0m
'api_usage' not found in `markers` configuration option
[31m[1m________________ ERROR collecting tests/test_api_integration.py ________________[0m
'api_usage' not found in `markers` configuration option
[31m[1m________________ ERROR collecting tests/test_api_integration.py ________________[0m
'api_usage' not found in `markers` configuration option
[31m[1m________________ ERROR collecting tests/test_api_integration.py ________________[0m
'api_usage' not found in `markers` configuration option
[31m[1m________________ ERROR collecting tests/test_api_integration.py ________________[0m
'api_usage' not found in `markers` configuration option
[31m[1m________________ ERROR collecting tests/test_api_integration.py ________________[0m
'api_usage' not found in `markers` configuration option
[31m[1m____________ ERROR collecting tests/test_e2e_fire_detection_full.py ____________[0m
'infrastructure_dependent' not found in `markers` configuration option
[31m[1m____________ ERROR collecting tests/test_e2e_fire_detection_full.py ____________[0m
'infrastructure_dependent' not found in `markers` configuration option
[31m[1m______________ ERROR collecting tests/test_e2e_hardware_docker.py ______________[0m
'docker' not found in `markers` configuration option
[31m[1m____________ ERROR collecting tests/test_e2e_fire_detection_full.py ____________[0m
'infrastructure_dependent' not found in `markers` configuration option
[31m[1m____________ ERROR collecting tests/test_e2e_fire_detection_full.py ____________[0m
'infrastructure_dependent' not found in `markers` configuration option
[31m[1m___________ ERROR collecting tests/test_e2e_hardware_integration.py ____________[0m
'hardware' not found in `markers` configuration option
[31m[1m______________ ERROR collecting tests/test_e2e_hardware_docker.py ______________[0m
'docker' not found in `markers` configuration option
[31m[1m______________ ERROR collecting tests/test_e2e_hardware_docker.py ______________[0m
'docker' not found in `markers` configuration option
[31m[1m___________ ERROR collecting tests/test_e2e_hardware_integration.py ____________[0m
'hardware' not found in `markers` configuration option
[31m[1m___________ ERROR collecting tests/test_e2e_hardware_integration.py ____________[0m
'hardware' not found in `markers` configuration option
[31m[1m______________ ERROR collecting tests/test_e2e_hardware_docker.py ______________[0m
'docker' not found in `markers` configuration option
[31m[1m___________ ERROR collecting tests/test_e2e_hardware_integration.py ____________[0m
'hardware' not found in `markers` configuration option
[31m[1m____________ ERROR collecting tests/test_e2e_fire_detection_full.py ____________[0m
'infrastructure_dependent' not found in `markers` configuration option
[31m[1m______________ ERROR collecting tests/test_e2e_hardware_docker.py ______________[0m
'docker' not found in `markers` configuration option
[31m[1m___________ ERROR collecting tests/test_e2e_hardware_integration.py ____________[0m
'hardware' not found in `markers` configuration option
[31m[1m____________ ERROR collecting tests/test_e2e_fire_detection_full.py ____________[0m
'infrastructure_dependent' not found in `markers` configuration option
[31m[1m______________ ERROR collecting tests/test_e2e_hardware_docker.py ______________[0m
'docker' not found in `markers` configuration option
[31m[1m___________ ERROR collecting tests/test_e2e_hardware_integration.py ____________[0m
'hardware' not found in `markers` configuration option
[31m[1m____________ ERROR collecting tests/test_e2e_fire_detection_full.py ____________[0m
'infrastructure_dependent' not found in `markers` configuration option
[31m[1m______________ ERROR collecting tests/test_e2e_hardware_docker.py ______________[0m
'docker' not found in `markers` configuration option
[31m[1m___________ ERROR collecting tests/test_e2e_hardware_integration.py ____________[0m
'hardware' not found in `markers` configuration option
[31m[1m____________ ERROR collecting tests/test_e2e_fire_detection_full.py ____________[0m
'infrastructure_dependent' not found in `markers` configuration option
[31m[1m______________ ERROR collecting tests/test_e2e_hardware_docker.py ______________[0m
'docker' not found in `markers` configuration option
[31m[1m___________ ERROR collecting tests/test_e2e_hardware_integration.py ____________[0m
'hardware' not found in `markers` configuration option
[31m[1m____________ ERROR collecting tests/test_e2e_fire_detection_full.py ____________[0m
'infrastructure_dependent' not found in `markers` configuration option
[31m[1m______________ ERROR collecting tests/test_e2e_hardware_docker.py ______________[0m
'docker' not found in `markers` configuration option
[31m[1m___________ ERROR collecting tests/test_e2e_hardware_integration.py ____________[0m
'hardware' not found in `markers` configuration option
[31m[1m____________ ERROR collecting tests/test_e2e_fire_detection_full.py ____________[0m
'infrastructure_dependent' not found in `markers` configuration option
[31m[1m______________ ERROR collecting tests/test_e2e_hardware_docker.py ______________[0m
'docker' not found in `markers` configuration option
[31m[1m___________ ERROR collecting tests/test_e2e_hardware_integration.py ____________[0m
'hardware' not found in `markers` configuration option
[31m[1m____________ ERROR collecting tests/test_e2e_fire_detection_full.py ____________[0m
'infrastructure_dependent' not found in `markers` configuration option
[31m[1m______________ ERROR collecting tests/test_e2e_hardware_docker.py ______________[0m
'docker' not found in `markers` configuration option
[31m[1m___________ ERROR collecting tests/test_e2e_hardware_integration.py ____________[0m
'hardware' not found in `markers` configuration option
[31m[1m____________ ERROR collecting tests/test_e2e_fire_detection_full.py ____________[0m
'infrastructure_dependent' not found in `markers` configuration option
[31m[1m______________ ERROR collecting tests/test_e2e_hardware_docker.py ______________[0m
'docker' not found in `markers` configuration option
[31m[1m___________ ERROR collecting tests/test_e2e_hardware_integration.py ____________[0m
'hardware' not found in `markers` configuration option
[31m[1m____________ ERROR collecting tests/test_integration_docker_sdk.py _____________[0m
'docker' not found in `markers` configuration option
[31m[1m___________ ERROR collecting tests/test_integration_e2e_improved.py ____________[0m
'e2e' not found in `markers` configuration option
[31m[1m________________ ERROR collecting tests/test_model_converter.py ________________[0m
'model_conversion' not found in `markers` configuration option
[31m[1m_________ ERROR collecting tests/test_model_converter_e2e_improved.py __________[0m
'e2e' not found in `markers` configuration option
[31m[1m_______________ ERROR collecting tests/test_qat_functionality.py _______________[0m
'qat' not found in `markers` configuration option
[31m[1m____________ ERROR collecting tests/test_integration_docker_sdk.py _____________[0m
'docker' not found in `markers` configuration option
[31m[1m___________ ERROR collecting tests/test_integration_e2e_improved.py ____________[0m
'e2e' not found in `markers` configuration option
[31m[1m____________ ERROR collecting tests/test_integration_docker_sdk.py _____________[0m
'docker' not found in `markers` configuration option
[31m[1m___________ ERROR collecting tests/test_integration_e2e_improved.py ____________[0m
'e2e' not found in `markers` configuration option
[31m[1m________________ ERROR collecting tests/test_model_converter.py ________________[0m
'model_conversion' not found in `markers` configuration option
[31m[1m_________ ERROR collecting tests/test_model_converter_e2e_improved.py __________[0m
'e2e' not found in `markers` configuration option
[31m[1m_______________ ERROR collecting tests/test_qat_functionality.py _______________[0m
'qat' not found in `markers` configuration option
[31m[1m________________ ERROR collecting tests/test_model_converter.py ________________[0m
'model_conversion' not found in `markers` configuration option
[31m[1m_________ ERROR collecting tests/test_model_converter_e2e_improved.py __________[0m
'e2e' not found in `markers` configuration option
[31m[1m_______________ ERROR collecting tests/test_qat_functionality.py _______________[0m
'qat' not found in `markers` configuration option
[31m[1m____________ ERROR collecting tests/test_integration_docker_sdk.py _____________[0m
'docker' not found in `markers` configuration option
[31m[1m___________ ERROR collecting tests/test_integration_e2e_improved.py ____________[0m
'e2e' not found in `markers` configuration option
[31m[1m________________ ERROR collecting tests/test_model_converter.py ________________[0m
'model_conversion' not found in `markers` configuration option
[31m[1m_________ ERROR collecting tests/test_model_converter_e2e_improved.py __________[0m
'e2e' not found in `markers` configuration option
[31m[1m_______________ ERROR collecting tests/test_qat_functionality.py _______________[0m
'qat' not found in `markers` configuration option
[31m[1m____________ ERROR collecting tests/test_integration_docker_sdk.py _____________[0m
'docker' not found in `markers` configuration option
[31m[1m___________ ERROR collecting tests/test_integration_e2e_improved.py ____________[0m
'e2e' not found in `markers` configuration option
[31m[1m________________ ERROR collecting tests/test_model_converter.py ________________[0m
'model_conversion' not found in `markers` configuration option
[31m[1m_________ ERROR collecting tests/test_model_converter_e2e_improved.py __________[0m
'e2e' not found in `markers` configuration option
[31m[1m_______________ ERROR collecting tests/test_qat_functionality.py _______________[0m
'qat' not found in `markers` configuration option
[31m[1m____________ ERROR collecting tests/test_integration_docker_sdk.py _____________[0m
'docker' not found in `markers` configuration option
[31m[1m____________ ERROR collecting tests/test_integration_docker_sdk.py _____________[0m
'docker' not found in `markers` configuration option
[31m[1m___________ ERROR collecting tests/test_integration_e2e_improved.py ____________[0m
'e2e' not found in `markers` configuration option
[31m[1m____________ ERROR collecting tests/test_integration_docker_sdk.py _____________[0m
'docker' not found in `markers` configuration option
[31m[1m___________ ERROR collecting tests/test_integration_e2e_improved.py ____________[0m
'e2e' not found in `markers` configuration option
[31m[1m___________ ERROR collecting tests/test_integration_e2e_improved.py ____________[0m
'e2e' not found in `markers` configuration option
[31m[1m________________ ERROR collecting tests/test_model_converter.py ________________[0m
'model_conversion' not found in `markers` configuration option
[31m[1m________________ ERROR collecting tests/test_model_converter.py ________________[0m
'model_conversion' not found in `markers` configuration option
[31m[1m_________ ERROR collecting tests/test_model_converter_e2e_improved.py __________[0m
'e2e' not found in `markers` configuration option
[31m[1m_________ ERROR collecting tests/test_model_converter_e2e_improved.py __________[0m
'e2e' not found in `markers` configuration option
[31m[1m________________ ERROR collecting tests/test_model_converter.py ________________[0m
'model_conversion' not found in `markers` configuration option
[31m[1m_______________ ERROR collecting tests/test_qat_functionality.py _______________[0m
'qat' not found in `markers` configuration option
[31m[1m_________ ERROR collecting tests/test_model_converter_e2e_improved.py __________[0m
'e2e' not found in `markers` configuration option
[31m[1m_______________ ERROR collecting tests/test_qat_functionality.py _______________[0m
'qat' not found in `markers` configuration option
[31m[1m_______________ ERROR collecting tests/test_qat_functionality.py _______________[0m
'qat' not found in `markers` configuration option
[31m[1m____________ ERROR collecting tests/test_integration_docker_sdk.py _____________[0m
'docker' not found in `markers` configuration option
[31m[1m___________ ERROR collecting tests/test_integration_e2e_improved.py ____________[0m
'e2e' not found in `markers` configuration option
[31m[1m________________ ERROR collecting tests/test_model_converter.py ________________[0m
'model_conversion' not found in `markers` configuration option
[31m[1m_________ ERROR collecting tests/test_model_converter_e2e_improved.py __________[0m
'e2e' not found in `markers` configuration option
[31m[1m_______________ ERROR collecting tests/test_qat_functionality.py _______________[0m
'qat' not found in `markers` configuration option
[31m[1m____________ ERROR collecting tests/test_integration_docker_sdk.py _____________[0m
'docker' not found in `markers` configuration option
[31m[1m____________ ERROR collecting tests/test_integration_docker_sdk.py _____________[0m
'docker' not found in `markers` configuration option
[31m[1m____________ ERROR collecting tests/test_integration_docker_sdk.py _____________[0m
'docker' not found in `markers` configuration option
[31m[1m___________ ERROR collecting tests/test_integration_e2e_improved.py ____________[0m
'e2e' not found in `markers` configuration option
[31m[1m___________ ERROR collecting tests/test_integration_e2e_improved.py ____________[0m
'e2e' not found in `markers` configuration option
[31m[1m___________ ERROR collecting tests/test_integration_e2e_improved.py ____________[0m
'e2e' not found in `markers` configuration option
[31m[1m________________ ERROR collecting tests/test_model_converter.py ________________[0m
'model_conversion' not found in `markers` configuration option
[31m[1m_________ ERROR collecting tests/test_model_converter_e2e_improved.py __________[0m
'e2e' not found in `markers` configuration option
[31m[1m________________ ERROR collecting tests/test_model_converter.py ________________[0m
'model_conversion' not found in `markers` configuration option
[31m[1m________________ ERROR collecting tests/test_model_converter.py ________________[0m
'model_conversion' not found in `markers` configuration option
[31m[1m_________ ERROR collecting tests/test_model_converter_e2e_improved.py __________[0m
'e2e' not found in `markers` configuration option
[31m[1m_________ ERROR collecting tests/test_model_converter_e2e_improved.py __________[0m
'e2e' not found in `markers` configuration option
[31m[1m_______________ ERROR collecting tests/test_qat_functionality.py _______________[0m
'qat' not found in `markers` configuration option
[31m[1m_______________ ERROR collecting tests/test_qat_functionality.py _______________[0m
'qat' not found in `markers` configuration option
[31m[1m_______________ ERROR collecting tests/test_qat_functionality.py _______________[0m
'qat' not found in `markers` configuration option
[33m=============================== warnings summary ===============================[0m
tests/conftest.py:56: 13 warnings
  /home/seth/wildfire-watch/tests/conftest.py:56: PytestRemovedIn9Warning: The (path: py.path.local) argument is deprecated, please use (collection_path: pathlib.Path)
  see https://docs.pytest.org/en/latest/deprecations.html#py-path-local-arguments-for-hooks-replaced-with-pathlib-path
    def pytest_ignore_collect(path, config):

../.local/lib/python3.12/site-packages/_pytest/config/__init__.py:1474: 13 warnings
  /home/seth/.local/lib/python3.12/site-packages/_pytest/config/__init__.py:1474: PytestConfigWarning: Unknown config option: python_files_ignore
  
    self._warn_or_fail_if_strict(f"Unknown config option: {key}\n")

../../../usr/lib/python3/dist-packages/paramiko/pkey.py:59: 12 warnings
  /usr/lib/python3/dist-packages/paramiko/pkey.py:59: CryptographyDeprecationWarning: TripleDES has been moved to cryptography.hazmat.decrepit.ciphers.algorithms.TripleDES and will be removed from cryptography.hazmat.primitives.ciphers.algorithms in 48.0.0.
    "cipher": algorithms.TripleDES,

../../../usr/lib/python3/dist-packages/paramiko/transport.py:220: 12 warnings
  /usr/lib/python3/dist-packages/paramiko/transport.py:220: CryptographyDeprecationWarning: Blowfish has been moved to cryptography.hazmat.decrepit.ciphers.algorithms.Blowfish and will be removed from cryptography.hazmat.primitives.ciphers.algorithms in 45.0.0.
    "class": algorithms.Blowfish,

../../../usr/lib/python3/dist-packages/paramiko/transport.py:244: 12 warnings
  /usr/lib/python3/dist-packages/paramiko/transport.py:244: CryptographyDeprecationWarning: TripleDES has been moved to cryptography.hazmat.decrepit.ciphers.algorithms.TripleDES and will be removed from cryptography.hazmat.primitives.ciphers.algorithms in 48.0.0.
    "class": algorithms.TripleDES,

tests/mqtt_test_broker.py:16: 12 warnings
  /home/seth/wildfire-watch/tests/mqtt_test_broker.py:16: PytestCollectionWarning: cannot collect test class 'MQTTTestBroker' because it has a __init__ constructor (from: tests/test_tensorrt_gpu_integration.py)
    class MQTTTestBroker:

-- Docs: https://docs.pytest.org/en/stable/how-to/capture-warnings.html
[36m[1m=========================== short test summary info ============================[0m
[31mERROR[0m tests/test_api_integration.py - Failed: 'api_usage' not found in `markers` configuration option
[31mERROR[0m tests/test_api_integration.py - Failed: 'api_usage' not found in `markers` configuration option
[31mERROR[0m tests/test_api_integration.py - Failed: 'api_usage' not found in `markers` configuration option
[31mERROR[0m tests/test_api_integration.py - Failed: 'api_usage' not found in `markers` configuration option
[31mERROR[0m tests/test_api_integration.py - Failed: 'api_usage' not found in `markers` configuration option
[31mERROR[0m tests/test_api_integration.py - Failed: 'api_usage' not found in `markers` configuration option
[31mERROR[0m tests/test_api_integration.py - Failed: 'api_usage' not found in `markers` configuration option
[31mERROR[0m tests/test_api_integration.py - Failed: 'api_usage' not found in `markers` configuration option
[31mERROR[0m tests/test_api_integration.py - Failed: 'api_usage' not found in `markers` configuration option
[31mERROR[0m tests/test_api_integration.py - Failed: 'api_usage' not found in `markers` configuration option
[31mERROR[0m tests/test_api_integration.py - Failed: 'api_usage' not found in `markers` configuration option
[31mERROR[0m tests/test_api_integration.py - Failed: 'api_usage' not found in `markers` configuration option
[31mERROR[0m tests/test_e2e_fire_detection_full.py - Failed: 'infrastructure_dependent' not found in `markers` configuration option
[31mERROR[0m tests/test_e2e_fire_detection_full.py - Failed: 'infrastructure_dependent' not found in `markers` configuration option
[31mERROR[0m tests/test_e2e_hardware_docker.py - Failed: 'docker' not found in `markers` configuration option
[31mERROR[0m tests/test_e2e_fire_detection_full.py - Failed: 'infrastructure_dependent' not found in `markers` configuration option
[31mERROR[0m tests/test_e2e_fire_detection_full.py - Failed: 'infrastructure_dependent' not found in `markers` configuration option
[31mERROR[0m tests/test_e2e_hardware_integration.py - Failed: 'hardware' not found in `markers` configuration option
[31mERROR[0m tests/test_e2e_hardware_docker.py - Failed: 'docker' not found in `markers` configuration option
[31mERROR[0m tests/test_e2e_hardware_docker.py - Failed: 'docker' not found in `markers` configuration option
[31mERROR[0m tests/test_e2e_hardware_integration.py - Failed: 'hardware' not found in `markers` configuration option
[31mERROR[0m tests/test_e2e_hardware_integration.py - Failed: 'hardware' not found in `markers` configuration option
[31mERROR[0m tests/test_e2e_hardware_docker.py - Failed: 'docker' not found in `markers` configuration option
[31mERROR[0m tests/test_e2e_hardware_integration.py - Failed: 'hardware' not found in `markers` configuration option
[31mERROR[0m tests/test_e2e_fire_detection_full.py - Failed: 'infrastructure_dependent' not found in `markers` configuration option
[31mERROR[0m tests/test_e2e_hardware_docker.py - Failed: 'docker' not found in `markers` configuration option
[31mERROR[0m tests/test_e2e_hardware_integration.py - Failed: 'hardware' not found in `markers` configuration option
[31mERROR[0m tests/test_e2e_fire_detection_full.py - Failed: 'infrastructure_dependent' not found in `markers` configuration option
[31mERROR[0m tests/test_e2e_hardware_docker.py - Failed: 'docker' not found in `markers` configuration option
[31mERROR[0m tests/test_e2e_hardware_integration.py - Failed: 'hardware' not found in `markers` configuration option
[31mERROR[0m tests/test_e2e_fire_detection_full.py - Failed: 'infrastructure_dependent' not found in `markers` configuration option
[31mERROR[0m tests/test_e2e_hardware_docker.py - Failed: 'docker' not found in `markers` configuration option
[31mERROR[0m tests/test_e2e_hardware_integration.py - Failed: 'hardware' not found in `markers` configuration option
[31mERROR[0m tests/test_e2e_fire_detection_full.py - Failed: 'infrastructure_dependent' not found in `markers` configuration option
[31mERROR[0m tests/test_e2e_hardware_docker.py - Failed: 'docker' not found in `markers` configuration option
[31mERROR[0m tests/test_e2e_hardware_integration.py - Failed: 'hardware' not found in `markers` configuration option
[31mERROR[0m tests/test_e2e_fire_detection_full.py - Failed: 'infrastructure_dependent' not found in `markers` configuration option
[31mERROR[0m tests/test_e2e_hardware_docker.py - Failed: 'docker' not found in `markers` configuration option
[31mERROR[0m tests/test_e2e_hardware_integration.py - Failed: 'hardware' not found in `markers` configuration option
[31mERROR[0m tests/test_e2e_fire_detection_full.py - Failed: 'infrastructure_dependent' not found in `markers` configuration option
[31mERROR[0m tests/test_e2e_hardware_docker.py - Failed: 'docker' not found in `markers` configuration option
[31mERROR[0m tests/test_e2e_hardware_integration.py - Failed: 'hardware' not found in `markers` configuration option
[31mERROR[0m tests/test_e2e_fire_detection_full.py - Failed: 'infrastructure_dependent' not found in `markers` configuration option
[31mERROR[0m tests/test_e2e_hardware_docker.py - Failed: 'docker' not found in `markers` configuration option
[31mERROR[0m tests/test_e2e_hardware_integration.py - Failed: 'hardware' not found in `markers` configuration option
[31mERROR[0m tests/test_e2e_fire_detection_full.py - Failed: 'infrastructure_dependent' not found in `markers` configuration option
[31mERROR[0m tests/test_e2e_hardware_docker.py - Failed: 'docker' not found in `markers` configuration option
[31mERROR[0m tests/test_e2e_hardware_integration.py - Failed: 'hardware' not found in `markers` configuration option
[31mERROR[0m tests/test_integration_docker_sdk.py - Failed: 'docker' not found in `markers` configuration option
[31mERROR[0m tests/test_integration_e2e_improved.py - Failed: 'e2e' not found in `markers` configuration option
[31mERROR[0m tests/test_model_converter.py - Failed: 'model_conversion' not found in `markers` configuration option
[31mERROR[0m tests/test_model_converter_e2e_improved.py - Failed: 'e2e' not found in `markers` configuration option
[31mERROR[0m tests/test_qat_functionality.py - Failed: 'qat' not found in `markers` configuration option
[31mERROR[0m tests/test_integration_docker_sdk.py - Failed: 'docker' not found in `markers` configuration option
[31mERROR[0m tests/test_integration_e2e_improved.py - Failed: 'e2e' not found in `markers` configuration option
[31mERROR[0m tests/test_integration_docker_sdk.py - Failed: 'docker' not found in `markers` configuration option
[31mERROR[0m tests/test_integration_e2e_improved.py - Failed: 'e2e' not found in `markers` configuration option
[31mERROR[0m tests/test_model_converter.py - Failed: 'model_conversion' not found in `markers` configuration option
[31mERROR[0m tests/test_model_converter_e2e_improved.py - Failed: 'e2e' not found in `markers` configuration option
[31mERROR[0m tests/test_qat_functionality.py - Failed: 'qat' not found in `markers` configuration option
[31mERROR[0m tests/test_model_converter.py - Failed: 'model_conversion' not found in `markers` configuration option
[31mERROR[0m tests/test_model_converter_e2e_improved.py - Failed: 'e2e' not found in `markers` configuration option
[31mERROR[0m tests/test_qat_functionality.py - Failed: 'qat' not found in `markers` configuration option
[31mERROR[0m tests/test_integration_docker_sdk.py - Failed: 'docker' not found in `markers` configuration option
[31mERROR[0m tests/test_integration_e2e_improved.py - Failed: 'e2e' not found in `markers` configuration option
[31mERROR[0m tests/test_model_converter.py - Failed: 'model_conversion' not found in `markers` configuration option
[31mERROR[0m tests/test_model_converter_e2e_improved.py - Failed: 'e2e' not found in `markers` configuration option
[31mERROR[0m tests/test_qat_functionality.py - Failed: 'qat' not found in `markers` configuration option
[31mERROR[0m tests/test_integration_docker_sdk.py - Failed: 'docker' not found in `markers` configuration option
[31mERROR[0m tests/test_integration_e2e_improved.py - Failed: 'e2e' not found in `markers` configuration option
[31mERROR[0m tests/test_model_converter.py - Failed: 'model_conversion' not found in `markers` configuration option
[31mERROR[0m tests/test_model_converter_e2e_improved.py - Failed: 'e2e' not found in `markers` configuration option
[31mERROR[0m tests/test_qat_functionality.py - Failed: 'qat' not found in `markers` configuration option
[31mERROR[0m tests/test_integration_docker_sdk.py - Failed: 'docker' not found in `markers` configuration option
[31mERROR[0m tests/test_integration_docker_sdk.py - Failed: 'docker' not found in `markers` configuration option
[31mERROR[0m tests/test_integration_e2e_improved.py - Failed: 'e2e' not found in `markers` configuration option
[31mERROR[0m tests/test_integration_docker_sdk.py - Failed: 'docker' not found in `markers` configuration option
[31mERROR[0m tests/test_integration_e2e_improved.py - Failed: 'e2e' not found in `markers` configuration option
[31mERROR[0m tests/test_integration_e2e_improved.py - Failed: 'e2e' not found in `markers` configuration option
[31mERROR[0m tests/test_model_converter.py - Failed: 'model_conversion' not found in `markers` configuration option
[31mERROR[0m tests/test_model_converter.py - Failed: 'model_conversion' not found in `markers` configuration option
[31mERROR[0m tests/test_model_converter_e2e_improved.py - Failed: 'e2e' not found in `markers` configuration option
[31mERROR[0m tests/test_model_converter_e2e_improved.py - Failed: 'e2e' not found in `markers` configuration option
[31mERROR[0m tests/test_model_converter.py - Failed: 'model_conversion' not found in `markers` configuration option
[31mERROR[0m tests/test_qat_functionality.py - Failed: 'qat' not found in `markers` configuration option
[31mERROR[0m tests/test_model_converter_e2e_improved.py - Failed: 'e2e' not found in `markers` configuration option
[31mERROR[0m tests/test_qat_functionality.py - Failed: 'qat' not found in `markers` configuration option
[31mERROR[0m tests/test_qat_functionality.py - Failed: 'qat' not found in `markers` configuration option
[31mERROR[0m tests/test_integration_docker_sdk.py - Failed: 'docker' not found in `markers` configuration option
[31mERROR[0m tests/test_integration_e2e_improved.py - Failed: 'e2e' not found in `markers` configuration option
[31mERROR[0m tests/test_model_converter.py - Failed: 'model_conversion' not found in `markers` configuration option
[31mERROR[0m tests/test_model_converter_e2e_improved.py - Failed: 'e2e' not found in `markers` configuration option
[31mERROR[0m tests/test_qat_functionality.py - Failed: 'qat' not found in `markers` configuration option
[31mERROR[0m tests/test_integration_docker_sdk.py - Failed: 'docker' not found in `markers` configuration option
[31mERROR[0m tests/test_integration_docker_sdk.py - Failed: 'docker' not found in `markers` configuration option
[31mERROR[0m tests/test_integration_docker_sdk.py - Failed: 'docker' not found in `markers` configuration option
[31mERROR[0m tests/test_integration_e2e_improved.py - Failed: 'e2e' not found in `markers` configuration option
[31mERROR[0m tests/test_integration_e2e_improved.py - Failed: 'e2e' not found in `markers` configuration option
[31mERROR[0m tests/test_integration_e2e_improved.py - Failed: 'e2e' not found in `markers` configuration option
[31mERROR[0m tests/test_model_converter.py - Failed: 'model_conversion' not found in `markers` configuration option
[31mERROR[0m tests/test_model_converter_e2e_improved.py - Failed: 'e2e' not found in `markers` configuration option
[31mERROR[0m tests/test_model_converter.py - Failed: 'model_conversion' not found in `markers` configuration option
[31mERROR[0m tests/test_model_converter.py - Failed: 'model_conversion' not found in `markers` configuration option
[31mERROR[0m tests/test_model_converter_e2e_improved.py - Failed: 'e2e' not found in `markers` configuration option
[31mERROR[0m tests/test_model_converter_e2e_improved.py - Failed: 'e2e' not found in `markers` configuration option
[31mERROR[0m tests/test_qat_functionality.py - Failed: 'qat' not found in `markers` configuration option
[31mERROR[0m tests/test_qat_functionality.py - Failed: 'qat' not found in `markers` configuration option
[31mERROR[0m tests/test_qat_functionality.py - Failed: 'qat' not found in `markers` configuration option
[31m!!!!!!!!!!!!!!!!!!!!!!!!! stopping after 108 failures !!!!!!!!!!!!!!!!!!!!!!!!!![0m
!!!!!!!!!!!! xdist.dsession.Interrupted: stopping after 10 failures !!!!!!!!!!!!
[31m======================= [33m74 warnings[0m, [31m[1m108 errors[0m[31m in 6.41s[0m[31m =======================[0m
[0;31m‚ùå Python 3.12 tests failed[0m
[0;34mRunning Python 3.10 tests...[0m
[0;32m‚úÖ python3.10 available: Python 3.10.18[0m
Starting pytest session with Python 3.10
Test collection will be restricted to Python 3.10 compatible tests
[1m============================= test session starts ==============================[0m
platform linux -- Python 3.10.18, pytest-8.4.0, pluggy-1.6.0 -- /usr/bin/python3.10
cachedir: .pytest_cache
rootdir: /home/seth/wildfire-watch
configfile: pytest-python310.ini
testpaths: tests
plugins: timeout-2.4.0, xdist-3.7.0, hydra-core-1.3.2, typeguard-2.13.3, anyio-4.4.0
timeout: 7200.0s
timeout method: thread
timeout func_only: True
created: 12/12 workers

==================================== ERRORS ====================================
[31m[1m__________________ ERROR collecting tests/test_deployment.py ___________________[0m
'deployment' not found in `markers` configuration option
[31m[1m____________ ERROR collecting tests/test_e2e_fire_detection_full.py ____________[0m
'infrastructure_dependent' not found in `markers` configuration option
[31m[1m______________ ERROR collecting tests/test_e2e_hardware_docker.py ______________[0m
'docker' not found in `markers` configuration option
[31m[1m___________ ERROR collecting tests/test_e2e_hardware_integration.py ____________[0m
'hardware' not found in `markers` configuration option
[31m[1m___________ ERROR collecting tests/test_frigate_hailo_docker_e2e.py ____________[0m
'docker' not found in `markers` configuration option
[31m[1m__________________ ERROR collecting tests/test_deployment.py ___________________[0m
'deployment' not found in `markers` configuration option
[31m[1m____________ ERROR collecting tests/test_e2e_fire_detection_full.py ____________[0m
'infrastructure_dependent' not found in `markers` configuration option
[31m[1m______________ ERROR collecting tests/test_e2e_hardware_docker.py ______________[0m
'docker' not found in `markers` configuration option
[31m[1m___________ ERROR collecting tests/test_e2e_hardware_integration.py ____________[0m
'hardware' not found in `markers` configuration option
[31m[1m___________ ERROR collecting tests/test_frigate_hailo_docker_e2e.py ____________[0m
'docker' not found in `markers` configuration option
[31m[1m__________________ ERROR collecting tests/test_deployment.py ___________________[0m
'deployment' not found in `markers` configuration option
[31m[1m____________ ERROR collecting tests/test_e2e_fire_detection_full.py ____________[0m
'infrastructure_dependent' not found in `markers` configuration option
[31m[1m______________ ERROR collecting tests/test_e2e_hardware_docker.py ______________[0m
'docker' not found in `markers` configuration option
[31m[1m___________ ERROR collecting tests/test_e2e_hardware_integration.py ____________[0m
'hardware' not found in `markers` configuration option
[31m[1m___________ ERROR collecting tests/test_frigate_hailo_docker_e2e.py ____________[0m
'docker' not found in `markers` configuration option
[31m[1m__________________ ERROR collecting tests/test_deployment.py ___________________[0m
'deployment' not found in `markers` configuration option
[31m[1m____________ ERROR collecting tests/test_e2e_fire_detection_full.py ____________[0m
'infrastructure_dependent' not found in `markers` configuration option
[31m[1m______________ ERROR collecting tests/test_e2e_hardware_docker.py ______________[0m
'docker' not found in `markers` configuration option
[31m[1m___________ ERROR collecting tests/test_e2e_hardware_integration.py ____________[0m
'hardware' not found in `markers` configuration option
[31m[1m___________ ERROR collecting tests/test_frigate_hailo_docker_e2e.py ____________[0m
'docker' not found in `markers` configuration option
[31m[1m__________________ ERROR collecting tests/test_deployment.py ___________________[0m
'deployment' not found in `markers` configuration option
[31m[1m____________ ERROR collecting tests/test_e2e_fire_detection_full.py ____________[0m
'infrastructure_dependent' not found in `markers` configuration option
[31m[1m______________ ERROR collecting tests/test_e2e_hardware_docker.py ______________[0m
'docker' not found in `markers` configuration option
[31m[1m___________ ERROR collecting tests/test_e2e_hardware_integration.py ____________[0m
'hardware' not found in `markers` configuration option
[31m[1m___________ ERROR collecting tests/test_frigate_hailo_docker_e2e.py ____________[0m
'docker' not found in `markers` configuration option
[31m[1m__________________ ERROR collecting tests/test_deployment.py ___________________[0m
'deployment' not found in `markers` configuration option
[31m[1m____________ ERROR collecting tests/test_e2e_fire_detection_full.py ____________[0m
'infrastructure_dependent' not found in `markers` configuration option
[31m[1m______________ ERROR collecting tests/test_e2e_hardware_docker.py ______________[0m
'docker' not found in `markers` configuration option
[31m[1m___________ ERROR collecting tests/test_e2e_hardware_integration.py ____________[0m
'hardware' not found in `markers` configuration option
[31m[1m__________________ ERROR collecting tests/test_deployment.py ___________________[0m
'deployment' not found in `markers` configuration option
[31m[1m___________ ERROR collecting tests/test_frigate_hailo_docker_e2e.py ____________[0m
'docker' not found in `markers` configuration option
[31m[1m____________ ERROR collecting tests/test_e2e_fire_detection_full.py ____________[0m
'infrastructure_dependent' not found in `markers` configuration option
[31m[1m______________ ERROR collecting tests/test_e2e_hardware_docker.py ______________[0m
'docker' not found in `markers` configuration option
[31m[1m___________ ERROR collecting tests/test_e2e_hardware_integration.py ____________[0m
'hardware' not found in `markers` configuration option
[31m[1m___________ ERROR collecting tests/test_frigate_hailo_docker_e2e.py ____________[0m
'docker' not found in `markers` configuration option
[31m[1m__________________ ERROR collecting tests/test_deployment.py ___________________[0m
'deployment' not found in `markers` configuration option
[31m[1m____________ ERROR collecting tests/test_e2e_fire_detection_full.py ____________[0m
'infrastructure_dependent' not found in `markers` configuration option
[31m[1m_________ ERROR collecting tests/test_hailo_fire_detection_mqtt_e2e.py _________[0m
'hailo' not found in `markers` configuration option
[31m[1m______________ ERROR collecting tests/test_e2e_hardware_docker.py ______________[0m
'docker' not found in `markers` configuration option
[31m[1m___________ ERROR collecting tests/test_e2e_hardware_integration.py ____________[0m
'hardware' not found in `markers` configuration option
[31m[1m___________ ERROR collecting tests/test_frigate_hailo_docker_e2e.py ____________[0m
'docker' not found in `markers` configuration option
[31m[1m_________ ERROR collecting tests/test_hailo_fire_detection_mqtt_e2e.py _________[0m
'hailo' not found in `markers` configuration option
[31m[1m__________________ ERROR collecting tests/test_deployment.py ___________________[0m
'deployment' not found in `markers` configuration option
[31m[1m____________ ERROR collecting tests/test_e2e_fire_detection_full.py ____________[0m
'infrastructure_dependent' not found in `markers` configuration option
[31m[1m______________ ERROR collecting tests/test_e2e_hardware_docker.py ______________[0m
'docker' not found in `markers` configuration option
[31m[1m___________ ERROR collecting tests/test_e2e_hardware_integration.py ____________[0m
'hardware' not found in `markers` configuration option
[31m[1m___________ ERROR collecting tests/test_frigate_hailo_docker_e2e.py ____________[0m
'docker' not found in `markers` configuration option
[31m[1m__________________ ERROR collecting tests/test_deployment.py ___________________[0m
'deployment' not found in `markers` configuration option
[31m[1m____________ ERROR collecting tests/test_e2e_fire_detection_full.py ____________[0m
'infrastructure_dependent' not found in `markers` configuration option
[31m[1m______________ ERROR collecting tests/test_e2e_hardware_docker.py ______________[0m
'docker' not found in `markers` configuration option
[31m[1m___________ ERROR collecting tests/test_e2e_hardware_integration.py ____________[0m
'hardware' not found in `markers` configuration option
[31m[1m___________ ERROR collecting tests/test_frigate_hailo_docker_e2e.py ____________[0m
'docker' not found in `markers` configuration option
[31m[1m__________________ ERROR collecting tests/test_deployment.py ___________________[0m
'deployment' not found in `markers` configuration option
[31m[1m____________ ERROR collecting tests/test_e2e_fire_detection_full.py ____________[0m
'infrastructure_dependent' not found in `markers` configuration option
[31m[1m__________________ ERROR collecting tests/test_deployment.py ___________________[0m
'deployment' not found in `markers` configuration option
[31m[1m______________ ERROR collecting tests/test_e2e_hardware_docker.py ______________[0m
'docker' not found in `markers` configuration option
[31m[1m___________ ERROR collecting tests/test_e2e_hardware_integration.py ____________[0m
'hardware' not found in `markers` configuration option
[31m[1m____________ ERROR collecting tests/test_e2e_fire_detection_full.py ____________[0m
'infrastructure_dependent' not found in `markers` configuration option
[31m[1m______________ ERROR collecting tests/test_e2e_hardware_docker.py ______________[0m
'docker' not found in `markers` configuration option
[31m[1m___________ ERROR collecting tests/test_frigate_hailo_docker_e2e.py ____________[0m
'docker' not found in `markers` configuration option
[31m[1m___________ ERROR collecting tests/test_e2e_hardware_integration.py ____________[0m
'hardware' not found in `markers` configuration option
[31m[1m___________ ERROR collecting tests/test_frigate_hailo_docker_e2e.py ____________[0m
'docker' not found in `markers` configuration option
[31m[1m_________ ERROR collecting tests/test_hailo_fire_detection_mqtt_e2e.py _________[0m
'hailo' not found in `markers` configuration option
[31m[1m_________ ERROR collecting tests/test_hailo_fire_detection_mqtt_e2e.py _________[0m
'hailo' not found in `markers` configuration option
[31m[1m_________ ERROR collecting tests/test_hailo_fire_detection_mqtt_e2e.py _________[0m
'hailo' not found in `markers` configuration option
[31m[1m_________ ERROR collecting tests/test_hailo_fire_detection_mqtt_e2e.py _________[0m
'hailo' not found in `markers` configuration option
[31m[1m_________ ERROR collecting tests/test_hailo_fire_detection_mqtt_e2e.py _________[0m
'hailo' not found in `markers` configuration option
[31m[1m_________ ERROR collecting tests/test_hailo_fire_detection_mqtt_e2e.py _________[0m
'hailo' not found in `markers` configuration option
[31m[1m_________ ERROR collecting tests/test_hailo_fire_detection_mqtt_e2e.py _________[0m
'hailo' not found in `markers` configuration option
[31m[1m_________ ERROR collecting tests/test_hailo_fire_detection_mqtt_e2e.py _________[0m
'hailo' not found in `markers` configuration option
[31m[1m____________ ERROR collecting tests/test_integration_docker_sdk.py _____________[0m
'docker' not found in `markers` configuration option
[31m[1m___________ ERROR collecting tests/test_integration_e2e_improved.py ____________[0m
'e2e' not found in `markers` configuration option
[31m[1m_________ ERROR collecting tests/test_hailo_fire_detection_mqtt_e2e.py _________[0m
'hailo' not found in `markers` configuration option
[31m[1m________________ ERROR collecting tests/test_model_converter.py ________________[0m
'model_conversion' not found in `markers` configuration option
[31m[1m_________ ERROR collecting tests/test_model_converter_e2e_improved.py __________[0m
'model_converter' not found in `markers` configuration option
[31m[1m_________ ERROR collecting tests/test_hailo_fire_detection_mqtt_e2e.py _________[0m
'hailo' not found in `markers` configuration option
[31m[1m____________ ERROR collecting tests/test_integration_docker_sdk.py _____________[0m
'docker' not found in `markers` configuration option
[31m[1m___________ ERROR collecting tests/test_integration_e2e_improved.py ____________[0m
'e2e' not found in `markers` configuration option
[31m[1m________________ ERROR collecting tests/test_model_converter.py ________________[0m
'model_conversion' not found in `markers` configuration option
[31m[1m_________ ERROR collecting tests/test_model_converter_e2e_improved.py __________[0m
'model_converter' not found in `markers` configuration option
[31m[1m____________ ERROR collecting tests/test_integration_docker_sdk.py _____________[0m
'docker' not found in `markers` configuration option
[31m[1m___________ ERROR collecting tests/test_integration_e2e_improved.py ____________[0m
'e2e' not found in `markers` configuration option
[31m[1m________________ ERROR collecting tests/test_model_converter.py ________________[0m
'model_conversion' not found in `markers` configuration option
[31m[1m_________ ERROR collecting tests/test_model_converter_e2e_improved.py __________[0m
'model_converter' not found in `markers` configuration option
[31m[1m____________ ERROR collecting tests/test_integration_docker_sdk.py _____________[0m
'docker' not found in `markers` configuration option
[31m[1m___________ ERROR collecting tests/test_integration_e2e_improved.py ____________[0m
'e2e' not found in `markers` configuration option
[31m[1m____________ ERROR collecting tests/test_integration_docker_sdk.py _____________[0m
'docker' not found in `markers` configuration option
[31m[1m____________ ERROR collecting tests/test_integration_docker_sdk.py _____________[0m
'docker' not found in `markers` configuration option
[31m[1m____________ ERROR collecting tests/test_integration_docker_sdk.py _____________[0m
'docker' not found in `markers` configuration option
[31m[1m____________ ERROR collecting tests/test_integration_docker_sdk.py _____________[0m
'docker' not found in `markers` configuration option
[31m[1m___________ ERROR collecting tests/test_integration_e2e_improved.py ____________[0m
'e2e' not found in `markers` configuration option
[31m[1m____________ ERROR collecting tests/test_integration_docker_sdk.py _____________[0m
'docker' not found in `markers` configuration option
[31m[1m___________ ERROR collecting tests/test_integration_e2e_improved.py ____________[0m
'e2e' not found in `markers` configuration option
[31m[1m___________ ERROR collecting tests/test_integration_e2e_improved.py ____________[0m
'e2e' not found in `markers` configuration option
[31m[1m____________ ERROR collecting tests/test_integration_docker_sdk.py _____________[0m
'docker' not found in `markers` configuration option
[31m[1m___________ ERROR collecting tests/test_integration_e2e_improved.py ____________[0m
'e2e' not found in `markers` configuration option
[31m[1m____________ ERROR collecting tests/test_integration_docker_sdk.py _____________[0m
'docker' not found in `markers` configuration option
[31m[1m___________ ERROR collecting tests/test_integration_e2e_improved.py ____________[0m
'e2e' not found in `markers` configuration option
[31m[1m___________ ERROR collecting tests/test_integration_e2e_improved.py ____________[0m
'e2e' not found in `markers` configuration option
[31m[1m___________ ERROR collecting tests/test_integration_e2e_improved.py ____________[0m
'e2e' not found in `markers` configuration option
[31m[1m________________ ERROR collecting tests/test_model_converter.py ________________[0m
'model_conversion' not found in `markers` configuration option
[31m[1m________________ ERROR collecting tests/test_model_converter.py ________________[0m
'model_conversion' not found in `markers` configuration option
[31m[1m_________ ERROR collecting tests/test_model_converter_e2e_improved.py __________[0m
'model_converter' not found in `markers` configuration option
[31m[1m________________ ERROR collecting tests/test_model_converter.py ________________[0m
'model_conversion' not found in `markers` configuration option
[31m[1m________________ ERROR collecting tests/test_model_converter.py ________________[0m
'model_conversion' not found in `markers` configuration option
[31m[1m________________ ERROR collecting tests/test_model_converter.py ________________[0m
'model_conversion' not found in `markers` configuration option
[31m[1m________________ ERROR collecting tests/test_model_converter.py ________________[0m
'model_conversion' not found in `markers` configuration option
[31m[1m________________ ERROR collecting tests/test_model_converter.py ________________[0m
'model_conversion' not found in `markers` configuration option
[31m[1m________________ ERROR collecting tests/test_model_converter.py ________________[0m
'model_conversion' not found in `markers` configuration option
[31m[1m_________ ERROR collecting tests/test_model_converter_e2e_improved.py __________[0m
'model_converter' not found in `markers` configuration option
[31m[1m_________ ERROR collecting tests/test_model_converter_e2e_improved.py __________[0m
'model_converter' not found in `markers` configuration option
[31m[1m_________ ERROR collecting tests/test_model_converter_e2e_improved.py __________[0m
'model_converter' not found in `markers` configuration option
[31m[1m_________ ERROR collecting tests/test_model_converter_e2e_improved.py __________[0m
'model_converter' not found in `markers` configuration option
[31m[1m_________ ERROR collecting tests/test_model_converter_e2e_improved.py __________[0m
'model_converter' not found in `markers` configuration option
[31m[1m_________ ERROR collecting tests/test_model_converter_e2e_improved.py __________[0m
'model_converter' not found in `markers` configuration option
[31m[1m_________ ERROR collecting tests/test_model_converter_e2e_improved.py __________[0m
'model_converter' not found in `markers` configuration option
[31m[1m____________ ERROR collecting tests/test_integration_docker_sdk.py _____________[0m
'docker' not found in `markers` configuration option
[31m[1m___________ ERROR collecting tests/test_integration_e2e_improved.py ____________[0m
'e2e' not found in `markers` configuration option
[31m[1m________________ ERROR collecting tests/test_model_converter.py ________________[0m
'model_conversion' not found in `markers` configuration option
[31m[1m_________ ERROR collecting tests/test_model_converter_e2e_improved.py __________[0m
'model_converter' not found in `markers` configuration option
[33m=============================== warnings summary ===============================[0m
tests/conftest.py:56: 13 warnings
  /home/seth/wildfire-watch/tests/conftest.py:56: PytestRemovedIn9Warning: The (path: py.path.local) argument is deprecated, please use (collection_path: pathlib.Path)
  see https://docs.pytest.org/en/latest/deprecations.html#py-path-local-arguments-for-hooks-replaced-with-pathlib-path
    def pytest_ignore_collect(path, config):

../../../usr/lib/python3/dist-packages/urllib3/util/ssl_.py:256: 12 warnings
  /usr/lib/python3/dist-packages/urllib3/util/ssl_.py:256: DeprecationWarning: ssl.PROTOCOL_TLS is deprecated
    context = SSLContext(ssl_version or PROTOCOL_TLS)

../../../usr/lib/python3/dist-packages/paramiko/pkey.py:59: 12 warnings
  /usr/lib/python3/dist-packages/paramiko/pkey.py:59: CryptographyDeprecationWarning: TripleDES has been moved to cryptography.hazmat.decrepit.ciphers.algorithms.TripleDES and will be removed from cryptography.hazmat.primitives.ciphers.algorithms in 48.0.0.
    "cipher": algorithms.TripleDES,

../../../usr/lib/python3/dist-packages/paramiko/transport.py:220: 12 warnings
  /usr/lib/python3/dist-packages/paramiko/transport.py:220: CryptographyDeprecationWarning: Blowfish has been moved to cryptography.hazmat.decrepit.ciphers.algorithms.Blowfish and will be removed from cryptography.hazmat.primitives.ciphers.algorithms in 45.0.0.
    "class": algorithms.Blowfish,

../../../usr/lib/python3/dist-packages/paramiko/transport.py:244: 12 warnings
  /usr/lib/python3/dist-packages/paramiko/transport.py:244: CryptographyDeprecationWarning: TripleDES has been moved to cryptography.hazmat.decrepit.ciphers.algorithms.TripleDES and will be removed from cryptography.hazmat.primitives.ciphers.algorithms in 48.0.0.
    "class": algorithms.TripleDES,

-- Docs: https://docs.pytest.org/en/stable/how-to/capture-warnings.html
[36m[1m=========================== short test summary info ============================[0m
[31mERROR[0m tests/test_deployment.py - Failed: 'deployment' not found in `markers` configuration option
[31mERROR[0m tests/test_e2e_fire_detection_full.py - Failed: 'infrastructure_dependent' not found in `markers` configuration option
[31mERROR[0m tests/test_e2e_hardware_docker.py - Failed: 'docker' not found in `markers` configuration option
[31mERROR[0m tests/test_e2e_hardware_integration.py - Failed: 'hardware' not found in `markers` configuration option
[31mERROR[0m tests/test_frigate_hailo_docker_e2e.py - Failed: 'docker' not found in `markers` configuration option
[31mERROR[0m tests/test_deployment.py - Failed: 'deployment' not found in `markers` configuration option
[31mERROR[0m tests/test_e2e_fire_detection_full.py - Failed: 'infrastructure_dependent' not found in `markers` configuration option
[31mERROR[0m tests/test_e2e_hardware_docker.py - Failed: 'docker' not found in `markers` configuration option
[31mERROR[0m tests/test_e2e_hardware_integration.py - Failed: 'hardware' not found in `markers` configuration option
[31mERROR[0m tests/test_frigate_hailo_docker_e2e.py - Failed: 'docker' not found in `markers` configuration option
[31mERROR[0m tests/test_deployment.py - Failed: 'deployment' not found in `markers` configuration option
[31mERROR[0m tests/test_e2e_fire_detection_full.py - Failed: 'infrastructure_dependent' not found in `markers` configuration option
[31mERROR[0m tests/test_e2e_hardware_docker.py - Failed: 'docker' not found in `markers` configuration option
[31mERROR[0m tests/test_e2e_hardware_integration.py - Failed: 'hardware' not found in `markers` configuration option
[31mERROR[0m tests/test_frigate_hailo_docker_e2e.py - Failed: 'docker' not found in `markers` configuration option
[31mERROR[0m tests/test_deployment.py - Failed: 'deployment' not found in `markers` configuration option
[31mERROR[0m tests/test_e2e_fire_detection_full.py - Failed: 'infrastructure_dependent' not found in `markers` configuration option
[31mERROR[0m tests/test_e2e_hardware_docker.py - Failed: 'docker' not found in `markers` configuration option
[31mERROR[0m tests/test_e2e_hardware_integration.py - Failed: 'hardware' not found in `markers` configuration option
[31mERROR[0m tests/test_frigate_hailo_docker_e2e.py - Failed: 'docker' not found in `markers` configuration option
[31mERROR[0m tests/test_deployment.py - Failed: 'deployment' not found in `markers` configuration option
[31mERROR[0m tests/test_e2e_fire_detection_full.py - Failed: 'infrastructure_dependent' not found in `markers` configuration option
[31mERROR[0m tests/test_e2e_hardware_docker.py - Failed: 'docker' not found in `markers` configuration option
[31mERROR[0m tests/test_e2e_hardware_integration.py - Failed: 'hardware' not found in `markers` configuration option
[31mERROR[0m tests/test_frigate_hailo_docker_e2e.py - Failed: 'docker' not found in `markers` configuration option
[31mERROR[0m tests/test_deployment.py - Failed: 'deployment' not found in `markers` configuration option
[31mERROR[0m tests/test_e2e_fire_detection_full.py - Failed: 'infrastructure_dependent' not found in `markers` configuration option
[31mERROR[0m tests/test_e2e_hardware_docker.py - Failed: 'docker' not found in `markers` configuration option
[31mERROR[0m tests/test_e2e_hardware_integration.py - Failed: 'hardware' not found in `markers` configuration option
[31mERROR[0m tests/test_deployment.py - Failed: 'deployment' not found in `markers` configuration option
[31mERROR[0m tests/test_frigate_hailo_docker_e2e.py - Failed: 'docker' not found in `markers` configuration option
[31mERROR[0m tests/test_e2e_fire_detection_full.py - Failed: 'infrastructure_dependent' not found in `markers` configuration option
[31mERROR[0m tests/test_e2e_hardware_docker.py - Failed: 'docker' not found in `markers` configuration option
[31mERROR[0m tests/test_e2e_hardware_integration.py - Failed: 'hardware' not found in `markers` configuration option
[31mERROR[0m tests/test_frigate_hailo_docker_e2e.py - Failed: 'docker' not found in `markers` configuration option
[31mERROR[0m tests/test_deployment.py - Failed: 'deployment' not found in `markers` configuration option
[31mERROR[0m tests/test_e2e_fire_detection_full.py - Failed: 'infrastructure_dependent' not found in `markers` configuration option
[31mERROR[0m tests/test_hailo_fire_detection_mqtt_e2e.py - Failed: 'hailo' not found in `markers` configuration option
[31mERROR[0m tests/test_e2e_hardware_docker.py - Failed: 'docker' not found in `markers` configuration option
[31mERROR[0m tests/test_e2e_hardware_integration.py - Failed: 'hardware' not found in `markers` configuration option
[31mERROR[0m tests/test_frigate_hailo_docker_e2e.py - Failed: 'docker' not found in `markers` configuration option
[31mERROR[0m tests/test_hailo_fire_detection_mqtt_e2e.py - Failed: 'hailo' not found in `markers` configuration option
[31mERROR[0m tests/test_deployment.py - Failed: 'deployment' not found in `markers` configuration option
[31mERROR[0m tests/test_e2e_fire_detection_full.py - Failed: 'infrastructure_dependent' not found in `markers` configuration option
[31mERROR[0m tests/test_e2e_hardware_docker.py - Failed: 'docker' not found in `markers` configuration option
[31mERROR[0m tests/test_e2e_hardware_integration.py - Failed: 'hardware' not found in `markers` configuration option
[31mERROR[0m tests/test_frigate_hailo_docker_e2e.py - Failed: 'docker' not found in `markers` configuration option
[31mERROR[0m tests/test_deployment.py - Failed: 'deployment' not found in `markers` configuration option
[31mERROR[0m tests/test_e2e_fire_detection_full.py - Failed: 'infrastructure_dependent' not found in `markers` configuration option
[31mERROR[0m tests/test_e2e_hardware_docker.py - Failed: 'docker' not found in `markers` configuration option
[31mERROR[0m tests/test_e2e_hardware_integration.py - Failed: 'hardware' not found in `markers` configuration option
[31mERROR[0m tests/test_frigate_hailo_docker_e2e.py - Failed: 'docker' not found in `markers` configuration option
[31mERROR[0m tests/test_deployment.py - Failed: 'deployment' not found in `markers` configuration option
[31mERROR[0m tests/test_e2e_fire_detection_full.py - Failed: 'infrastructure_dependent' not found in `markers` configuration option
[31mERROR[0m tests/test_deployment.py - Failed: 'deployment' not found in `markers` configuration option
[31mERROR[0m tests/test_e2e_hardware_docker.py - Failed: 'docker' not found in `markers` configuration option
[31mERROR[0m tests/test_e2e_hardware_integration.py - Failed: 'hardware' not found in `markers` configuration option
[31mERROR[0m tests/test_e2e_fire_detection_full.py - Failed: 'infrastructure_dependent' not found in `markers` configuration option
[31mERROR[0m tests/test_e2e_hardware_docker.py - Failed: 'docker' not found in `markers` configuration option
[31mERROR[0m tests/test_frigate_hailo_docker_e2e.py - Failed: 'docker' not found in `markers` configuration option
[31mERROR[0m tests/test_e2e_hardware_integration.py - Failed: 'hardware' not found in `markers` configuration option
[31mERROR[0m tests/test_frigate_hailo_docker_e2e.py - Failed: 'docker' not found in `markers` configuration option
[31mERROR[0m tests/test_hailo_fire_detection_mqtt_e2e.py - Failed: 'hailo' not found in `markers` configuration option
[31mERROR[0m tests/test_hailo_fire_detection_mqtt_e2e.py - Failed: 'hailo' not found in `markers` configuration option
[31mERROR[0m tests/test_hailo_fire_detection_mqtt_e2e.py - Failed: 'hailo' not found in `markers` configuration option
[31mERROR[0m tests/test_hailo_fire_detection_mqtt_e2e.py - Failed: 'hailo' not found in `markers` configuration option
[31mERROR[0m tests/test_hailo_fire_detection_mqtt_e2e.py - Failed: 'hailo' not found in `markers` configuration option
[31mERROR[0m tests/test_hailo_fire_detection_mqtt_e2e.py - Failed: 'hailo' not found in `markers` configuration option
[31mERROR[0m tests/test_hailo_fire_detection_mqtt_e2e.py - Failed: 'hailo' not found in `markers` configuration option
[31mERROR[0m tests/test_hailo_fire_detection_mqtt_e2e.py - Failed: 'hailo' not found in `markers` configuration option
[31mERROR[0m tests/test_integration_docker_sdk.py - Failed: 'docker' not found in `markers` configuration option
[31mERROR[0m tests/test_integration_e2e_improved.py - Failed: 'e2e' not found in `markers` configuration option
[31mERROR[0m tests/test_hailo_fire_detection_mqtt_e2e.py - Failed: 'hailo' not found in `markers` configuration option
[31mERROR[0m tests/test_model_converter.py - Failed: 'model_conversion' not found in `markers` configuration option
[31mERROR[0m tests/test_model_converter_e2e_improved.py - Failed: 'model_converter' not found in `markers` configuration option
[31mERROR[0m tests/test_hailo_fire_detection_mqtt_e2e.py - Failed: 'hailo' not found in `markers` configuration option
[31mERROR[0m tests/test_integration_docker_sdk.py - Failed: 'docker' not found in `markers` configuration option
[31mERROR[0m tests/test_integration_e2e_improved.py - Failed: 'e2e' not found in `markers` configuration option
[31mERROR[0m tests/test_model_converter.py - Failed: 'model_conversion' not found in `markers` configuration option
[31mERROR[0m tests/test_model_converter_e2e_improved.py - Failed: 'model_converter' not found in `markers` configuration option
[31mERROR[0m tests/test_integration_docker_sdk.py - Failed: 'docker' not found in `markers` configuration option
[31mERROR[0m tests/test_integration_e2e_improved.py - Failed: 'e2e' not found in `markers` configuration option
[31mERROR[0m tests/test_model_converter.py - Failed: 'model_conversion' not found in `markers` configuration option
[31mERROR[0m tests/test_model_converter_e2e_improved.py - Failed: 'model_converter' not found in `markers` configuration option
[31mERROR[0m tests/test_integration_docker_sdk.py - Failed: 'docker' not found in `markers` configuration option
[31mERROR[0m tests/test_integration_e2e_improved.py - Failed: 'e2e' not found in `markers` configuration option
[31mERROR[0m tests/test_integration_docker_sdk.py - Failed: 'docker' not found in `markers` configuration option
[31mERROR[0m tests/test_integration_docker_sdk.py - Failed: 'docker' not found in `markers` configuration option
[31mERROR[0m tests/test_integration_docker_sdk.py - Failed: 'docker' not found in `markers` configuration option
[31mERROR[0m tests/test_integration_docker_sdk.py - Failed: 'docker' not found in `markers` configuration option
[31mERROR[0m tests/test_integration_e2e_improved.py - Failed: 'e2e' not found in `markers` configuration option
[31mERROR[0m tests/test_integration_docker_sdk.py - Failed: 'docker' not found in `markers` configuration option
[31mERROR[0m tests/test_integration_e2e_improved.py - Failed: 'e2e' not found in `markers` configuration option
[31mERROR[0m tests/test_integration_e2e_improved.py - Failed: 'e2e' not found in `markers` configuration option
[31mERROR[0m tests/test_integration_docker_sdk.py - Failed: 'docker' not found in `markers` configuration option
[31mERROR[0m tests/test_integration_e2e_improved.py - Failed: 'e2e' not found in `markers` configuration option
[31mERROR[0m tests/test_integration_docker_sdk.py - Failed: 'docker' not found in `markers` configuration option
[31mERROR[0m tests/test_integration_e2e_improved.py - Failed: 'e2e' not found in `markers` configuration option
[31mERROR[0m tests/test_integration_e2e_improved.py - Failed: 'e2e' not found in `markers` configuration option
[31mERROR[0m tests/test_integration_e2e_improved.py - Failed: 'e2e' not found in `markers` configuration option
[31mERROR[0m tests/test_model_converter.py - Failed: 'model_conversion' not found in `markers` configuration option
[31mERROR[0m tests/test_model_converter.py - Failed: 'model_conversion' not found in `markers` configuration option
[31mERROR[0m tests/test_model_converter_e2e_improved.py - Failed: 'model_converter' not found in `markers` configuration option
[31mERROR[0m tests/test_model_converter.py - Failed: 'model_conversion' not found in `markers` configuration option
[31mERROR[0m tests/test_model_converter.py - Failed: 'model_conversion' not found in `markers` configuration option
[31mERROR[0m tests/test_model_converter.py - Failed: 'model_conversion' not found in `markers` configuration option
[31mERROR[0m tests/test_model_converter.py - Failed: 'model_conversion' not found in `markers` configuration option
[31mERROR[0m tests/test_model_converter.py - Failed: 'model_conversion' not found in `markers` configuration option
[31mERROR[0m tests/test_model_converter.py - Failed: 'model_conversion' not found in `markers` configuration option
[31mERROR[0m tests/test_model_converter_e2e_improved.py - Failed: 'model_converter' not found in `markers` configuration option
[31mERROR[0m tests/test_model_converter_e2e_improved.py - Failed: 'model_converter' not found in `markers` configuration option
[31mERROR[0m tests/test_model_converter_e2e_improved.py - Failed: 'model_converter' not found in `markers` configuration option
[31mERROR[0m tests/test_model_converter_e2e_improved.py - Failed: 'model_converter' not found in `markers` configuration option
[31mERROR[0m tests/test_model_converter_e2e_improved.py - Failed: 'model_converter' not found in `markers` configuration option
[31mERROR[0m tests/test_model_converter_e2e_improved.py - Failed: 'model_converter' not found in `markers` configuration option
[31mERROR[0m tests/test_model_converter_e2e_improved.py - Failed: 'model_converter' not found in `markers` configuration option
[31mERROR[0m tests/test_integration_docker_sdk.py - Failed: 'docker' not found in `markers` configuration option
[31mERROR[0m tests/test_integration_e2e_improved.py - Failed: 'e2e' not found in `markers` configuration option
[31mERROR[0m tests/test_model_converter.py - Failed: 'model_conversion' not found in `markers` configuration option
[31mERROR[0m tests/test_model_converter_e2e_improved.py - Failed: 'model_converter' not found in `markers` configuration option
[31m!!!!!!!!!!!!!!!!!!!!!!!!! stopping after 120 failures !!!!!!!!!!!!!!!!!!!!!!!!!![0m
!!!!!!!!!!!! xdist.dsession.Interrupted: stopping after 10 failures !!!!!!!!!!!!
[31m======================= [33m61 warnings[0m, [31m[1m120 errors[0m[31m in 5.34s[0m[31m =======================[0m
[0;31m‚ùå Python 3.10 tests failed[0m
[0;34mRunning Python 3.8 tests...[0m
[0;32m‚úÖ python3.8 available: Python 3.8.10[0m
Starting pytest session with Python 3.8
Test collection will be restricted to Python 3.8 compatible tests
[1m============================= test session starts ==============================[0m
platform linux -- Python 3.8.10, pytest-8.3.5, pluggy-1.5.0 -- /usr/bin/python3.8
cachedir: .pytest_cache
rootdir: /home/seth/wildfire-watch
configfile: pytest-python38.ini
testpaths: tests
plugins: xdist-3.6.1, timeout-2.4.0, typeguard-2.13.3
timeout: 7200.0s
timeout method: thread
timeout func_only: True
created: 12/12 workers

==================================== ERRORS ====================================
[31m[1m________________ ERROR collecting tests/test_api_integration.py ________________[0m
'api_usage' not found in `markers` configuration option
[31m[1m________________ ERROR collecting tests/test_api_integration.py ________________[0m
'api_usage' not found in `markers` configuration option
[31m[1m________________ ERROR collecting tests/test_camera_detector.py ________________[0m
ImportError while importing test module '/home/seth/wildfire-watch/tests/test_camera_detector.py'.
Hint: make sure your test modules/packages have valid Python names.
Traceback:
/usr/lib/python3.8/importlib/__init__.py:127: in import_module
    return _bootstrap._gcd_import(name[level:], package, level)
tests/test_camera_detector.py:24: in <module>
    from detect import CameraDetector, Camera, CameraProfile, MACTracker, Config
camera_detector/detect.py:83: in <module>
    from dotenv import load_dotenv
E   ModuleNotFoundError: No module named 'dotenv'
[31m[1m________________ ERROR collecting tests/test_api_integration.py ________________[0m
'api_usage' not found in `markers` configuration option
[31m[1m________________ ERROR collecting tests/test_api_integration.py ________________[0m
'api_usage' not found in `markers` configuration option
[31m[1m___________________ ERROR collecting tests/test_consensus.py ___________________[0m
ImportError while importing test module '/home/seth/wildfire-watch/tests/test_consensus.py'.
Hint: make sure your test modules/packages have valid Python names.
Traceback:
/usr/lib/python3.8/importlib/__init__.py:127: in import_module
    return _bootstrap._gcd_import(name[level:], package, level)
tests/test_consensus.py:23: in <module>
    import consensus
fire_consensus/consensus.py:85: in <module>
    from dotenv import load_dotenv
E   ModuleNotFoundError: No module named 'dotenv'
[31m[1m__________ ERROR collecting tests/test_consensus_area_calculation.py ___________[0m
ImportError while importing test module '/home/seth/wildfire-watch/tests/test_consensus_area_calculation.py'.
Hint: make sure your test modules/packages have valid Python names.
Traceback:
/usr/lib/python3.8/importlib/__init__.py:127: in import_module
    return _bootstrap._gcd_import(name[level:], package, level)
tests/test_consensus_area_calculation.py:16: in <module>
    from fire_consensus.consensus import FireConsensus, Config
fire_consensus/consensus.py:85: in <module>
    from dotenv import load_dotenv
E   ModuleNotFoundError: No module named 'dotenv'
[31m[1m________________ ERROR collecting tests/test_api_integration.py ________________[0m
'api_usage' not found in `markers` configuration option
[31m[1m_____________ ERROR collecting tests/test_consensus_integration.py _____________[0m
ImportError while importing test module '/home/seth/wildfire-watch/tests/test_consensus_integration.py'.
Hint: make sure your test modules/packages have valid Python names.
Traceback:
/usr/lib/python3.8/importlib/__init__.py:127: in import_module
    return _bootstrap._gcd_import(name[level:], package, level)
tests/test_consensus_integration.py:22: in <module>
    from consensus import FireConsensus, Detection, CameraState, Config
fire_consensus/consensus.py:85: in <module>
    from dotenv import load_dotenv
E   ModuleNotFoundError: No module named 'dotenv'
[31m[1m________________ ERROR collecting tests/test_api_integration.py ________________[0m
'api_usage' not found in `markers` configuration option
[31m[1m________________ ERROR collecting tests/test_api_integration.py ________________[0m
'api_usage' not found in `markers` configuration option
[31m[1m________________ ERROR collecting tests/test_api_integration.py ________________[0m
'api_usage' not found in `markers` configuration option
[31m[1m________________ ERROR collecting tests/test_api_integration.py ________________[0m
'api_usage' not found in `markers` configuration option
[31m[1m________________ ERROR collecting tests/test_api_integration.py ________________[0m
'api_usage' not found in `markers` configuration option
[31m[1m________________ ERROR collecting tests/test_api_integration.py ________________[0m
'api_usage' not found in `markers` configuration option
[31m[1m________________ ERROR collecting tests/test_api_integration.py ________________[0m
'api_usage' not found in `markers` configuration option
[31m[1m__________________ ERROR collecting tests/test_core_logic.py ___________________[0m
ImportError while importing test module '/home/seth/wildfire-watch/tests/test_core_logic.py'.
Hint: make sure your test modules/packages have valid Python names.
Traceback:
/usr/lib/python3.8/importlib/__init__.py:127: in import_module
    return _bootstrap._gcd_import(name[level:], package, level)
tests/test_core_logic.py:18: in <module>
    from consensus import Detection, CameraState, Config
fire_consensus/consensus.py:85: in <module>
    from dotenv import load_dotenv
E   ModuleNotFoundError: No module named 'dotenv'
[31m[1m_______________ ERROR collecting tests/test_e2e_coral_frigate.py _______________[0m
'infrastructure_dependent' not found in `markers` configuration option
[31m[1m_______________ ERROR collecting tests/test_e2e_coral_frigate.py _______________[0m
'infrastructure_dependent' not found in `markers` configuration option
[31m[1m____________ ERROR collecting tests/test_e2e_fire_detection_full.py ____________[0m
ImportError while importing test module '/home/seth/wildfire-watch/tests/test_e2e_fire_detection_full.py'.
Hint: make sure your test modules/packages have valid Python names.
Traceback:
/usr/lib/python3.8/importlib/__init__.py:127: in import_module
    return _bootstrap._gcd_import(name[level:], package, level)
tests/test_e2e_fire_detection_full.py:31: in <module>
    from trigger import GPIO, CONFIG, PumpState
gpio_trigger/trigger.py:94: in <module>
    from dotenv import load_dotenv
E   ModuleNotFoundError: No module named 'dotenv'
[31m[1m______________ ERROR collecting tests/test_e2e_hardware_docker.py ______________[0m
'docker' not found in `markers` configuration option
[31m[1m___________ ERROR collecting tests/test_e2e_hardware_integration.py ____________[0m
'hardware' not found in `markers` configuration option
[31m[1m______________ ERROR collecting tests/test_e2e_hardware_docker.py ______________[0m
'docker' not found in `markers` configuration option
[31m[1m___________ ERROR collecting tests/test_e2e_hardware_integration.py ____________[0m
'hardware' not found in `markers` configuration option
[31m[1m_______________ ERROR collecting tests/test_e2e_coral_frigate.py _______________[0m
'infrastructure_dependent' not found in `markers` configuration option
[31m[1m_______________ ERROR collecting tests/test_e2e_coral_frigate.py _______________[0m
'infrastructure_dependent' not found in `markers` configuration option
[31m[1m______________ ERROR collecting tests/test_e2e_hardware_docker.py ______________[0m
'docker' not found in `markers` configuration option
[31m[1m______________ ERROR collecting tests/test_e2e_hardware_docker.py ______________[0m
'docker' not found in `markers` configuration option
[31m[1m___________ ERROR collecting tests/test_e2e_hardware_integration.py ____________[0m
'hardware' not found in `markers` configuration option
[31m[1m___________ ERROR collecting tests/test_e2e_hardware_integration.py ____________[0m
'hardware' not found in `markers` configuration option
[31m[1m_______________ ERROR collecting tests/test_e2e_coral_frigate.py _______________[0m
'infrastructure_dependent' not found in `markers` configuration option
[31m[1m_______________ ERROR collecting tests/test_e2e_coral_frigate.py _______________[0m
'infrastructure_dependent' not found in `markers` configuration option
[31m[1m______________ ERROR collecting tests/test_e2e_hardware_docker.py ______________[0m
'docker' not found in `markers` configuration option
[31m[1m___________ ERROR collecting tests/test_e2e_hardware_integration.py ____________[0m
'hardware' not found in `markers` configuration option
[31m[1m______________ ERROR collecting tests/test_e2e_hardware_docker.py ______________[0m
'docker' not found in `markers` configuration option
[31m[1m___________ ERROR collecting tests/test_e2e_hardware_integration.py ____________[0m
'hardware' not found in `markers` configuration option
[31m[1m_______________ ERROR collecting tests/test_e2e_coral_frigate.py _______________[0m
'infrastructure_dependent' not found in `markers` configuration option
[31m[1m_______________ ERROR collecting tests/test_e2e_coral_frigate.py _______________[0m
'infrastructure_dependent' not found in `markers` configuration option
[31m[1m_______________ ERROR collecting tests/test_e2e_coral_frigate.py _______________[0m
'infrastructure_dependent' not found in `markers` configuration option
[31m[1m______________ ERROR collecting tests/test_e2e_hardware_docker.py ______________[0m
'docker' not found in `markers` configuration option
[31m[1m___________ ERROR collecting tests/test_e2e_hardware_integration.py ____________[0m
'hardware' not found in `markers` configuration option
[31m[1m______________ ERROR collecting tests/test_e2e_hardware_docker.py ______________[0m
'docker' not found in `markers` configuration option
[31m[1m___________ ERROR collecting tests/test_e2e_hardware_integration.py ____________[0m
'hardware' not found in `markers` configuration option
[31m[1m______________ ERROR collecting tests/test_e2e_hardware_docker.py ______________[0m
'docker' not found in `markers` configuration option
[31m[1m___________ ERROR collecting tests/test_e2e_hardware_integration.py ____________[0m
'hardware' not found in `markers` configuration option
[31m[1m_______________ ERROR collecting tests/test_e2e_coral_frigate.py _______________[0m
'infrastructure_dependent' not found in `markers` configuration option
[31m[1m_______________ ERROR collecting tests/test_e2e_coral_frigate.py _______________[0m
'infrastructure_dependent' not found in `markers` configuration option
[31m[1m______________ ERROR collecting tests/test_e2e_hardware_docker.py ______________[0m
'docker' not found in `markers` configuration option
[31m[1m___________ ERROR collecting tests/test_e2e_hardware_integration.py ____________[0m
'hardware' not found in `markers` configuration option
[31m[1m______________ ERROR collecting tests/test_e2e_hardware_docker.py ______________[0m
'docker' not found in `markers` configuration option
[31m[1m___________ ERROR collecting tests/test_e2e_hardware_integration.py ____________[0m
'hardware' not found in `markers` configuration option
[31m[1m_______________ ERROR collecting tests/test_e2e_coral_frigate.py _______________[0m
'infrastructure_dependent' not found in `markers` configuration option
[31m[1m______________ ERROR collecting tests/test_e2e_hardware_docker.py ______________[0m
'docker' not found in `markers` configuration option
[31m[1m___________ ERROR collecting tests/test_e2e_hardware_integration.py ____________[0m
'hardware' not found in `markers` configuration option
[33m=============================== warnings summary ===============================[0m
tests/conftest.py:56: 13 warnings
  /home/seth/wildfire-watch/tests/conftest.py:56: PytestRemovedIn9Warning: The (path: py.path.local) argument is deprecated, please use (collection_path: pathlib.Path)
  see https://docs.pytest.org/en/latest/deprecations.html#py-path-local-arguments-for-hooks-replaced-with-pathlib-path
    def pytest_ignore_collect(path, config):

tests/mqtt_test_broker.py:16: 12 warnings
  /home/seth/wildfire-watch/tests/mqtt_test_broker.py:16: PytestCollectionWarning: cannot collect test class 'MQTTTestBroker' because it has a __init__ constructor (from: tests/test_coral_fire_video_e2e.py)
    class MQTTTestBroker:

-- Docs: https://docs.pytest.org/en/stable/how-to/capture-warnings.html
[36m[1m=========================== short test summary info ============================[0m
[31mERROR[0m tests/test_api_integration.py - Failed: 'api_usage' not found in `markers` configuration option
[31mERROR[0m tests/test_api_integration.py - Failed: 'api_usage' not found in `markers` configuration option
[31mERROR[0m tests/test_camera_detector.py
[31mERROR[0m tests/test_api_integration.py - Failed: 'api_usage' not found in `markers` configuration option
[31mERROR[0m tests/test_api_integration.py - Failed: 'api_usage' not found in `markers` configuration option
[31mERROR[0m tests/test_consensus.py
[31mERROR[0m tests/test_consensus_area_calculation.py
[31mERROR[0m tests/test_api_integration.py - Failed: 'api_usage' not found in `markers` configuration option
[31mERROR[0m tests/test_consensus_integration.py
[31mERROR[0m tests/test_api_integration.py - Failed: 'api_usage' not found in `markers` configuration option
[31mERROR[0m tests/test_api_integration.py - Failed: 'api_usage' not found in `markers` configuration option
[31mERROR[0m tests/test_api_integration.py - Failed: 'api_usage' not found in `markers` configuration option
[31mERROR[0m tests/test_api_integration.py - Failed: 'api_usage' not found in `markers` configuration option
[31mERROR[0m tests/test_api_integration.py - Failed: 'api_usage' not found in `markers` configuration option
[31mERROR[0m tests/test_api_integration.py - Failed: 'api_usage' not found in `markers` configuration option
[31mERROR[0m tests/test_api_integration.py - Failed: 'api_usage' not found in `markers` configuration option
[31mERROR[0m tests/test_core_logic.py
[31mERROR[0m tests/test_e2e_coral_frigate.py - Failed: 'infrastructure_dependent' not found in `markers` configuration option
[31mERROR[0m tests/test_e2e_coral_frigate.py - Failed: 'infrastructure_dependent' not found in `markers` configuration option
[31mERROR[0m tests/test_e2e_fire_detection_full.py
[31mERROR[0m tests/test_e2e_hardware_docker.py - Failed: 'docker' not found in `markers` configuration option
[31mERROR[0m tests/test_e2e_hardware_integration.py - Failed: 'hardware' not found in `markers` configuration option
[31mERROR[0m tests/test_e2e_hardware_docker.py - Failed: 'docker' not found in `markers` configuration option
[31mERROR[0m tests/test_e2e_hardware_integration.py - Failed: 'hardware' not found in `markers` configuration option
[31mERROR[0m tests/test_e2e_coral_frigate.py - Failed: 'infrastructure_dependent' not found in `markers` configuration option
[31mERROR[0m tests/test_e2e_coral_frigate.py - Failed: 'infrastructure_dependent' not found in `markers` configuration option
[31mERROR[0m tests/test_e2e_hardware_docker.py - Failed: 'docker' not found in `markers` configuration option
[31mERROR[0m tests/test_e2e_hardware_docker.py - Failed: 'docker' not found in `markers` configuration option
[31mERROR[0m tests/test_e2e_hardware_integration.py - Failed: 'hardware' not found in `markers` configuration option
[31mERROR[0m tests/test_e2e_hardware_integration.py - Failed: 'hardware' not found in `markers` configuration option
[31mERROR[0m tests/test_e2e_coral_frigate.py - Failed: 'infrastructure_dependent' not found in `markers` configuration option
[31mERROR[0m tests/test_e2e_coral_frigate.py - Failed: 'infrastructure_dependent' not found in `markers` configuration option
[31mERROR[0m tests/test_e2e_hardware_docker.py - Failed: 'docker' not found in `markers` configuration option
[31mERROR[0m tests/test_e2e_hardware_integration.py - Failed: 'hardware' not found in `markers` configuration option
[31mERROR[0m tests/test_e2e_hardware_docker.py - Failed: 'docker' not found in `markers` configuration option
[31mERROR[0m tests/test_e2e_hardware_integration.py - Failed: 'hardware' not found in `markers` configuration option
[31mERROR[0m tests/test_e2e_coral_frigate.py - Failed: 'infrastructure_dependent' not found in `markers` configuration option
[31mERROR[0m tests/test_e2e_coral_frigate.py - Failed: 'infrastructure_dependent' not found in `markers` configuration option
[31mERROR[0m tests/test_e2e_coral_frigate.py - Failed: 'infrastructure_dependent' not found in `markers` configuration option
[31mERROR[0m tests/test_e2e_hardware_docker.py - Failed: 'docker' not found in `markers` configuration option
[31mERROR[0m tests/test_e2e_hardware_integration.py - Failed: 'hardware' not found in `markers` configuration option
[31mERROR[0m tests/test_e2e_hardware_docker.py - Failed: 'docker' not found in `markers` configuration option
[31mERROR[0m tests/test_e2e_hardware_integration.py - Failed: 'hardware' not found in `markers` configuration option
[31mERROR[0m tests/test_e2e_hardware_docker.py - Failed: 'docker' not found in `markers` configuration option
[31mERROR[0m tests/test_e2e_hardware_integration.py - Failed: 'hardware' not found in `markers` configuration option
[31mERROR[0m tests/test_e2e_coral_frigate.py - Failed: 'infrastructure_dependent' not found in `markers` configuration option
[31mERROR[0m tests/test_e2e_coral_frigate.py - Failed: 'infrastructure_dependent' not found in `markers` configuration option
[31mERROR[0m tests/test_e2e_hardware_docker.py - Failed: 'docker' not found in `markers` configuration option
[31mERROR[0m tests/test_e2e_hardware_integration.py - Failed: 'hardware' not found in `markers` configuration option
[31mERROR[0m tests/test_e2e_hardware_docker.py - Failed: 'docker' not found in `markers` configuration option
[31mERROR[0m tests/test_e2e_hardware_integration.py - Failed: 'hardware' not found in `markers` configuration option
[31mERROR[0m tests/test_e2e_coral_frigate.py - Failed: 'infrastructure_dependent' not found in `markers` configuration option
[31mERROR[0m tests/test_e2e_hardware_docker.py - Failed: 'docker' not found in `markers` configuration option
[31mERROR[0m tests/test_e2e_hardware_integration.py - Failed: 'hardware' not found in `markers` configuration option
[31m!!!!!!!!!!!!!!!!!!!!!!!!!! stopping after 54 failures !!!!!!!!!!!!!!!!!!!!!!!!!![0m
!!!!!!!!!!!! xdist.dsession.Interrupted: stopping after 10 failures !!!!!!!!!!!!
[31m======================= [33m25 warnings[0m, [31m[1m54 errors[0m[31m in 2.47s[0m[31m ========================[0m
[0;31m‚ùå Python 3.8 tests failed[0m
[0;34m=======================================================[0m
[0;34mTEST EXECUTION SUMMARY[0m
[0;34m=======================================================[0m
[0;31mPython 3.12: ‚ùå FAILED[0m
[0;31mPython 3.10: ‚ùå FAILED[0m
[0;31mPython 3.8: ‚ùå FAILED[0m
[0;34mOverall: 0/3 test suites passed[0m
[0;31mSome test suites failed - check output above[0m
