============================= test session starts ==============================
platform linux -- Python 3.12.11, pytest-8.4.0, pluggy-1.6.0 -- /usr/bin/python3.12
cachedir: .pytest_cache
rootdir: /home/seth/wildfire-watch
plugins: cov-6.1.1, timeout-2.4.0, mock-3.14.1, asyncio-1.0.0, anyio-4.4.0
timeout: 300.0s
timeout method: signal
timeout func_only: False
asyncio: mode=Mode.STRICT, asyncio_default_fixture_loop_scope=None, asyncio_default_test_loop_scope=function
collecting ... collected 44 items

tests/test_trigger.py::TestBasicOperation::test_initialization PASSED    [  2%]
tests/test_trigger.py::TestBasicOperation::test_fire_trigger_starts_sequence PASSED [  4%]
tests/test_trigger.py::TestBasicOperation::test_normal_shutdown_sequence FAILED [  6%]
tests/test_trigger.py::TestBasicOperation::test_multiple_triggers_extend_runtime PASSED [  9%]
tests/test_trigger.py::TestSafety::test_valve_must_be_open_for_ignition PASSED [ 11%]
tests/test_trigger.py::TestSafety::test_max_runtime_enforcement PASSED   [ 13%]
tests/test_trigger.py::TestSafety::test_rpm_reduction_before_shutdown PASSED [ 15%]
tests/test_trigger.py::TestSafety::test_emergency_valve_open_on_trigger PASSED [ 18%]
tests/test_trigger.py::TestSafety::test_refill_valve_runtime_multiplier PASSED [ 20%]
tests/test_trigger.py::TestConcurrency::test_concurrent_triggers PASSED  [ 22%]
tests/test_trigger.py::TestConcurrency::test_trigger_during_shutdown PASSED [ 25%]
tests/test_trigger.py::TestConcurrency::test_trigger_during_cooldown PASSED [ 27%]
tests/test_trigger.py::TestConcurrency::test_state_transitions_are_atomic PASSED [ 29%]
tests/test_trigger.py::TestErrorHandling::test_gpio_failure_handling PASSED [ 31%]
tests/test_trigger.py::TestErrorHandling::test_error_state_ignores_triggers PASSED [ 34%]
tests/test_trigger.py::TestErrorHandling::test_mqtt_disconnection_handling PASSED [ 36%]
tests/test_trigger.py::TestErrorHandling::test_timer_exception_handling PASSED [ 38%]
tests/test_trigger.py::TestMQTT::test_mqtt_connection_and_subscription PASSED [ 40%]
tests/test_trigger.py::TestMQTT::test_fire_trigger_via_mqtt PASSED       [ 43%]
tests/test_trigger.py::TestMQTT::test_telemetry_events_published PASSED  [ 45%]
tests/test_trigger.py::TestMQTT::test_health_reports_published PASSED    [ 47%]
tests/test_trigger.py::TestMQTT::test_lwt_configuration PASSED           [ 50%]
tests/test_trigger.py::TestIntegration::test_complete_fire_cycle PASSED  [ 52%]
tests/test_trigger.py::TestIntegration::test_rapid_on_off_cycles PASSED  [ 54%]
tests/test_trigger.py::TestIntegration::test_cleanup_from_various_states PASSED [ 56%]
tests/test_trigger.py::TestPerformance::test_timer_scheduling_performance PASSED [ 59%]
tests/test_trigger.py::TestPerformance::test_concurrent_event_handling PASSED [ 61%]
tests/test_trigger.py::TestREADMECompliance::test_fire_detection_sprinkler_activation_sequence PASSED [ 63%]
tests/test_trigger.py::TestREADMECompliance::test_sprinkler_response_time_critical PASSED [ 65%]
tests/test_trigger.py::TestREADMECompliance::test_fire_detection_never_ignored_when_safe PASSED [ 68%]
tests/test_trigger.py::TestREADMECompliance::test_dry_run_protection_prevents_damage PASSED [ 70%]
tests/test_trigger.py::TestREADMECompliance::test_refill_timeout_prevents_infinite_refill PASSED [ 72%]
tests/test_trigger.py::TestREADMECompliance::test_float_switch_stops_refill_immediately PASSED [ 75%]
tests/test_trigger.py::TestREADMECompliance::test_state_consistency_under_failures PASSED [ 77%]
tests/test_trigger.py::TestREADMECompliance::test_maximum_runtime_enforced_strictly PASSED [ 79%]
tests/test_trigger.py::TestREADMECompliance::test_emergency_valve_open_overrides_all_states PASSED [ 81%]
tests/test_trigger.py::TestREADMECompliance::test_refill_lockout_prevents_dry_start PASSED [ 84%]
tests/test_trigger.py::TestREADMECompliance::test_priming_sequence_timing_correct PASSED [ 86%]
tests/test_trigger.py::TestREADMECompliance::test_hardware_simulation_mode_warnings PASSED [ 88%]
tests/test_trigger.py::TestEnhancedSafetyFeatures::test_dry_run_protection_with_flow_sensor PASSED [ 90%]
tests/test_trigger.py::TestEnhancedSafetyFeatures::test_emergency_button_manual_trigger PASSED [ 93%]
tests/test_trigger.py::TestEnhancedSafetyFeatures::test_pressure_monitoring_shutdown PASSED [ 95%]
tests/test_trigger.py::TestStateMachineCompliance::test_valid_state_transitions_only PASSED [ 97%]
tests/test_trigger.py::TestStateMachineCompliance::test_error_state_recovery_requires_manual_intervention PASSED [100%]

=================================== FAILURES ===================================
_______________ TestBasicOperation.test_normal_shutdown_sequence _______________

self = <test_trigger.TestBasicOperation object at 0x7fc0200e8410>
controller = <trigger.PumpController object at 0x7fc020128710>
mock_mqtt = <test_trigger.MockMQTTClient object at 0x7fc02010d550>

    def test_normal_shutdown_sequence(self, controller, mock_mqtt):
        """Test normal shutdown after fire off delay"""
        # Start pump
        controller.handle_fire_trigger()
        wait_for_state(controller, PumpState.RUNNING)
    
        # Wait for fire off delay (0.5s) + a bit more for processing
        time.sleep(0.6)
    
        # Should be in shutdown sequence or completed refill
        # The engine should have shut down by now due to fire off delay
>       assert controller._state in [PumpState.REFILLING, PumpState.STOPPING, PumpState.COOLDOWN, PumpState.IDLE]
E       assert <PumpState.ERROR: 9> in [<PumpState.REFILLING: 8>, <PumpState.STOPPING: 6>, <PumpState.COOLDOWN: 7>, <PumpState.IDLE: 1>]
E        +  where <PumpState.ERROR: 9> = <trigger.PumpController object at 0x7fc020128710>._state

tests/test_trigger.py:218: AssertionError
------------------------------ Captured log call -------------------------------
WARNING  trigger:trigger.py:400 GPIO MAIN_VALVE attempt 1/3 failed: Pin state verification failed: expected False, got True. Retrying in 0.1s...
WARNING  test_trigger:test_trigger.py:137 ERROR state #1: Main valve not open - aborting engine start
ERROR    trigger:trigger.py:1056 Entering ERROR state: Main valve not open - aborting engine start
WARNING  test_trigger:test_trigger.py:164 ERROR state reached in test: test_normal_shutdown_sequence, waiting for: RUNNING
WARNING  test_trigger:test_trigger.py:164 ERROR state reached in test: test_normal_shutdown_sequence, waiting for: RUNNING
WARNING  test_trigger:test_trigger.py:164 ERROR state reached in test: test_normal_shutdown_sequence, waiting for: RUNNING
WARNING  test_trigger:test_trigger.py:164 ERROR state reached in test: test_normal_shutdown_sequence, waiting for: RUNNING
WARNING  test_trigger:test_trigger.py:164 ERROR state reached in test: test_normal_shutdown_sequence, waiting for: RUNNING
WARNING  test_trigger:test_trigger.py:164 ERROR state reached in test: test_normal_shutdown_sequence, waiting for: RUNNING
WARNING  test_trigger:test_trigger.py:164 ERROR state reached in test: test_normal_shutdown_sequence, waiting for: RUNNING
WARNING  test_trigger:test_trigger.py:164 ERROR state reached in test: test_normal_shutdown_sequence, waiting for: RUNNING
WARNING  test_trigger:test_trigger.py:164 ERROR state reached in test: test_normal_shutdown_sequence, waiting for: RUNNING
WARNING  test_trigger:test_trigger.py:164 ERROR state reached in test: test_normal_shutdown_sequence, waiting for: RUNNING
WARNING  test_trigger:test_trigger.py:164 ERROR state reached in test: test_normal_shutdown_sequence, waiting for: RUNNING
WARNING  test_trigger:test_trigger.py:164 ERROR state reached in test: test_normal_shutdown_sequence, waiting for: RUNNING
WARNING  test_trigger:test_trigger.py:164 ERROR state reached in test: test_normal_shutdown_sequence, waiting for: RUNNING
WARNING  test_trigger:test_trigger.py:164 ERROR state reached in test: test_normal_shutdown_sequence, waiting for: RUNNING
WARNING  test_trigger:test_trigger.py:164 ERROR state reached in test: test_normal_shutdown_sequence, waiting for: RUNNING
WARNING  test_trigger:test_trigger.py:164 ERROR state reached in test: test_normal_shutdown_sequence, waiting for: RUNNING
WARNING  test_trigger:test_trigger.py:164 ERROR state reached in test: test_normal_shutdown_sequence, waiting for: RUNNING
WARNING  test_trigger:test_trigger.py:164 ERROR state reached in test: test_normal_shutdown_sequence, waiting for: RUNNING
WARNING  test_trigger:test_trigger.py:164 ERROR state reached in test: test_normal_shutdown_sequence, waiting for: RUNNING
WARNING  test_trigger:test_trigger.py:164 ERROR state reached in test: test_normal_shutdown_sequence, waiting for: RUNNING
WARNING  test_trigger:test_trigger.py:164 ERROR state reached in test: test_normal_shutdown_sequence, waiting for: RUNNING
WARNING  test_trigger:test_trigger.py:164 ERROR state reached in test: test_normal_shutdown_sequence, waiting for: RUNNING
WARNING  test_trigger:test_trigger.py:164 ERROR state reached in test: test_normal_shutdown_sequence, waiting for: RUNNING
WARNING  test_trigger:test_trigger.py:164 ERROR state reached in test: test_normal_shutdown_sequence, waiting for: RUNNING
WARNING  test_trigger:test_trigger.py:164 ERROR state reached in test: test_normal_shutdown_sequence, waiting for: RUNNING
WARNING  test_trigger:test_trigger.py:164 ERROR state reached in test: test_normal_shutdown_sequence, waiting for: RUNNING
WARNING  test_trigger:test_trigger.py:164 ERROR state reached in test: test_normal_shutdown_sequence, waiting for: RUNNING
WARNING  test_trigger:test_trigger.py:164 ERROR state reached in test: test_normal_shutdown_sequence, waiting for: RUNNING
WARNING  test_trigger:test_trigger.py:164 ERROR state reached in test: test_normal_shutdown_sequence, waiting for: RUNNING
WARNING  test_trigger:test_trigger.py:164 ERROR state reached in test: test_normal_shutdown_sequence, waiting for: RUNNING
WARNING  test_trigger:test_trigger.py:164 ERROR state reached in test: test_normal_shutdown_sequence, waiting for: RUNNING
WARNING  test_trigger:test_trigger.py:164 ERROR state reached in test: test_normal_shutdown_sequence, waiting for: RUNNING
WARNING  test_trigger:test_trigger.py:164 ERROR state reached in test: test_normal_shutdown_sequence, waiting for: RUNNING
WARNING  test_trigger:test_trigger.py:164 ERROR state reached in test: test_normal_shutdown_sequence, waiting for: RUNNING
WARNING  test_trigger:test_trigger.py:164 ERROR state reached in test: test_normal_shutdown_sequence, waiting for: RUNNING
WARNING  test_trigger:test_trigger.py:164 ERROR state reached in test: test_normal_shutdown_sequence, waiting for: RUNNING
WARNING  test_trigger:test_trigger.py:164 ERROR state reached in test: test_normal_shutdown_sequence, waiting for: RUNNING
WARNING  test_trigger:test_trigger.py:164 ERROR state reached in test: test_normal_shutdown_sequence, waiting for: RUNNING
WARNING  test_trigger:test_trigger.py:164 ERROR state reached in test: test_normal_shutdown_sequence, waiting for: RUNNING
WARNING  test_trigger:test_trigger.py:164 ERROR state reached in test: test_normal_shutdown_sequence, waiting for: RUNNING
WARNING  test_trigger:test_trigger.py:164 ERROR state reached in test: test_normal_shutdown_sequence, waiting for: RUNNING
WARNING  test_trigger:test_trigger.py:164 ERROR state reached in test: test_normal_shutdown_sequence, waiting for: RUNNING
WARNING  test_trigger:test_trigger.py:164 ERROR state reached in test: test_normal_shutdown_sequence, waiting for: RUNNING
WARNING  test_trigger:test_trigger.py:164 ERROR state reached in test: test_normal_shutdown_sequence, waiting for: RUNNING
WARNING  test_trigger:test_trigger.py:164 ERROR state reached in test: test_normal_shutdown_sequence, waiting for: RUNNING
WARNING  test_trigger:test_trigger.py:164 ERROR state reached in test: test_normal_shutdown_sequence, waiting for: RUNNING
WARNING  test_trigger:test_trigger.py:164 ERROR state reached in test: test_normal_shutdown_sequence, waiting for: RUNNING
WARNING  test_trigger:test_trigger.py:164 ERROR state reached in test: test_normal_shutdown_sequence, waiting for: RUNNING
WARNING  test_trigger:test_trigger.py:164 ERROR state reached in test: test_normal_shutdown_sequence, waiting for: RUNNING
WARNING  test_trigger:test_trigger.py:164 ERROR state reached in test: test_normal_shutdown_sequence, waiting for: RUNNING
WARNING  test_trigger:test_trigger.py:164 ERROR state reached in test: test_normal_shutdown_sequence, waiting for: RUNNING
WARNING  test_trigger:test_trigger.py:164 ERROR state reached in test: test_normal_shutdown_sequence, waiting for: RUNNING
WARNING  test_trigger:test_trigger.py:164 ERROR state reached in test: test_normal_shutdown_sequence, waiting for: RUNNING
WARNING  test_trigger:test_trigger.py:164 ERROR state reached in test: test_normal_shutdown_sequence, waiting for: RUNNING
WARNING  test_trigger:test_trigger.py:164 ERROR state reached in test: test_normal_shutdown_sequence, waiting for: RUNNING
WARNING  test_trigger:test_trigger.py:164 ERROR state reached in test: test_normal_shutdown_sequence, waiting for: RUNNING
WARNING  test_trigger:test_trigger.py:164 ERROR state reached in test: test_normal_shutdown_sequence, waiting for: RUNNING
WARNING  test_trigger:test_trigger.py:164 ERROR state reached in test: test_normal_shutdown_sequence, waiting for: RUNNING
WARNING  test_trigger:test_trigger.py:164 ERROR state reached in test: test_normal_shutdown_sequence, waiting for: RUNNING
WARNING  test_trigger:test_trigger.py:164 ERROR state reached in test: test_normal_shutdown_sequence, waiting for: RUNNING
WARNING  test_trigger:test_trigger.py:164 ERROR state reached in test: test_normal_shutdown_sequence, waiting for: RUNNING
WARNING  test_trigger:test_trigger.py:164 ERROR state reached in test: test_normal_shutdown_sequence, waiting for: RUNNING
WARNING  test_trigger:test_trigger.py:164 ERROR state reached in test: test_normal_shutdown_sequence, waiting for: RUNNING
WARNING  test_trigger:test_trigger.py:164 ERROR state reached in test: test_normal_shutdown_sequence, waiting for: RUNNING
WARNING  test_trigger:test_trigger.py:164 ERROR state reached in test: test_normal_shutdown_sequence, waiting for: RUNNING
WARNING  test_trigger:test_trigger.py:164 ERROR state reached in test: test_normal_shutdown_sequence, waiting for: RUNNING
WARNING  test_trigger:test_trigger.py:164 ERROR state reached in test: test_normal_shutdown_sequence, waiting for: RUNNING
WARNING  test_trigger:test_trigger.py:164 ERROR state reached in test: test_normal_shutdown_sequence, waiting for: RUNNING
WARNING  test_trigger:test_trigger.py:164 ERROR state reached in test: test_normal_shutdown_sequence, waiting for: RUNNING
WARNING  test_trigger:test_trigger.py:164 ERROR state reached in test: test_normal_shutdown_sequence, waiting for: RUNNING
WARNING  test_trigger:test_trigger.py:164 ERROR state reached in test: test_normal_shutdown_sequence, waiting for: RUNNING
WARNING  test_trigger:test_trigger.py:164 ERROR state reached in test: test_normal_shutdown_sequence, waiting for: RUNNING
WARNING  test_trigger:test_trigger.py:164 ERROR state reached in test: test_normal_shutdown_sequence, waiting for: RUNNING
WARNING  test_trigger:test_trigger.py:164 ERROR state reached in test: test_normal_shutdown_sequence, waiting for: RUNNING
WARNING  test_trigger:test_trigger.py:164 ERROR state reached in test: test_normal_shutdown_sequence, waiting for: RUNNING
WARNING  test_trigger:test_trigger.py:164 ERROR state reached in test: test_normal_shutdown_sequence, waiting for: RUNNING
WARNING  test_trigger:test_trigger.py:164 ERROR state reached in test: test_normal_shutdown_sequence, waiting for: RUNNING
WARNING  test_trigger:test_trigger.py:164 ERROR state reached in test: test_normal_shutdown_sequence, waiting for: RUNNING
WARNING  test_trigger:test_trigger.py:164 ERROR state reached in test: test_normal_shutdown_sequence, waiting for: RUNNING
WARNING  test_trigger:test_trigger.py:164 ERROR state reached in test: test_normal_shutdown_sequence, waiting for: RUNNING
WARNING  test_trigger:test_trigger.py:164 ERROR state reached in test: test_normal_shutdown_sequence, waiting for: RUNNING
WARNING  test_trigger:test_trigger.py:164 ERROR state reached in test: test_normal_shutdown_sequence, waiting for: RUNNING
WARNING  test_trigger:test_trigger.py:164 ERROR state reached in test: test_normal_shutdown_sequence, waiting for: RUNNING
WARNING  test_trigger:test_trigger.py:164 ERROR state reached in test: test_normal_shutdown_sequence, waiting for: RUNNING
WARNING  test_trigger:test_trigger.py:164 ERROR state reached in test: test_normal_shutdown_sequence, waiting for: RUNNING
WARNING  test_trigger:test_trigger.py:164 ERROR state reached in test: test_normal_shutdown_sequence, waiting for: RUNNING
WARNING  test_trigger:test_trigger.py:164 ERROR state reached in test: test_normal_shutdown_sequence, waiting for: RUNNING
WARNING  test_trigger:test_trigger.py:164 ERROR state reached in test: test_normal_shutdown_sequence, waiting for: RUNNING
WARNING  test_trigger:test_trigger.py:164 ERROR state reached in test: test_normal_shutdown_sequence, waiting for: RUNNING
WARNING  test_trigger:test_trigger.py:164 ERROR state reached in test: test_normal_shutdown_sequence, waiting for: RUNNING
WARNING  test_trigger:test_trigger.py:164 ERROR state reached in test: test_normal_shutdown_sequence, waiting for: RUNNING
WARNING  test_trigger:test_trigger.py:164 ERROR state reached in test: test_normal_shutdown_sequence, waiting for: RUNNING
WARNING  test_trigger:test_trigger.py:164 ERROR state reached in test: test_normal_shutdown_sequence, waiting for: RUNNING
WARNING  test_trigger:test_trigger.py:164 ERROR state reached in test: test_normal_shutdown_sequence, waiting for: RUNNING
WARNING  test_trigger:test_trigger.py:164 ERROR state reached in test: test_normal_shutdown_sequence, waiting for: RUNNING
WARNING  test_trigger:test_trigger.py:164 ERROR state reached in test: test_normal_shutdown_sequence, waiting for: RUNNING
WARNING  test_trigger:test_trigger.py:164 ERROR state reached in test: test_normal_shutdown_sequence, waiting for: RUNNING
WARNING  test_trigger:test_trigger.py:164 ERROR state reached in test: test_normal_shutdown_sequence, waiting for: RUNNING
WARNING  test_trigger:test_trigger.py:164 ERROR state reached in test: test_normal_shutdown_sequence, waiting for: RUNNING
WARNING  test_trigger:test_trigger.py:164 ERROR state reached in test: test_normal_shutdown_sequence, waiting for: RUNNING
WARNING  test_trigger:test_trigger.py:164 ERROR state reached in test: test_normal_shutdown_sequence, waiting for: RUNNING
WARNING  test_trigger:test_trigger.py:164 ERROR state reached in test: test_normal_shutdown_sequence, waiting for: RUNNING
WARNING  test_trigger:test_trigger.py:164 ERROR state reached in test: test_normal_shutdown_sequence, waiting for: RUNNING
WARNING  test_trigger:test_trigger.py:164 ERROR state reached in test: test_normal_shutdown_sequence, waiting for: RUNNING
WARNING  test_trigger:test_trigger.py:164 ERROR state reached in test: test_normal_shutdown_sequence, waiting for: RUNNING
WARNING  test_trigger:test_trigger.py:164 ERROR state reached in test: test_normal_shutdown_sequence, waiting for: RUNNING
WARNING  test_trigger:test_trigger.py:164 ERROR state reached in test: test_normal_shutdown_sequence, waiting for: RUNNING
WARNING  test_trigger:test_trigger.py:164 ERROR state reached in test: test_normal_shutdown_sequence, waiting for: RUNNING
WARNING  test_trigger:test_trigger.py:164 ERROR state reached in test: test_normal_shutdown_sequence, waiting for: RUNNING
WARNING  test_trigger:test_trigger.py:164 ERROR state reached in test: test_normal_shutdown_sequence, waiting for: RUNNING
WARNING  test_trigger:test_trigger.py:164 ERROR state reached in test: test_normal_shutdown_sequence, waiting for: RUNNING
WARNING  test_trigger:test_trigger.py:164 ERROR state reached in test: test_normal_shutdown_sequence, waiting for: RUNNING
WARNING  test_trigger:test_trigger.py:164 ERROR state reached in test: test_normal_shutdown_sequence, waiting for: RUNNING
WARNING  test_trigger:test_trigger.py:164 ERROR state reached in test: test_normal_shutdown_sequence, waiting for: RUNNING
WARNING  test_trigger:test_trigger.py:164 ERROR state reached in test: test_normal_shutdown_sequence, waiting for: RUNNING
WARNING  test_trigger:test_trigger.py:164 ERROR state reached in test: test_normal_shutdown_sequence, waiting for: RUNNING
WARNING  test_trigger:test_trigger.py:164 ERROR state reached in test: test_normal_shutdown_sequence, waiting for: RUNNING
WARNING  test_trigger:test_trigger.py:164 ERROR state reached in test: test_normal_shutdown_sequence, waiting for: RUNNING
WARNING  test_trigger:test_trigger.py:164 ERROR state reached in test: test_normal_shutdown_sequence, waiting for: RUNNING
WARNING  test_trigger:test_trigger.py:164 ERROR state reached in test: test_normal_shutdown_sequence, waiting for: RUNNING
WARNING  test_trigger:test_trigger.py:164 ERROR state reached in test: test_normal_shutdown_sequence, waiting for: RUNNING
WARNING  test_trigger:test_trigger.py:164 ERROR state reached in test: test_normal_shutdown_sequence, waiting for: RUNNING
WARNING  test_trigger:test_trigger.py:164 ERROR state reached in test: test_normal_shutdown_sequence, waiting for: RUNNING
WARNING  test_trigger:test_trigger.py:164 ERROR state reached in test: test_normal_shutdown_sequence, waiting for: RUNNING
WARNING  test_trigger:test_trigger.py:164 ERROR state reached in test: test_normal_shutdown_sequence, waiting for: RUNNING
WARNING  test_trigger:test_trigger.py:164 ERROR state reached in test: test_normal_shutdown_sequence, waiting for: RUNNING
WARNING  test_trigger:test_trigger.py:164 ERROR state reached in test: test_normal_shutdown_sequence, waiting for: RUNNING
WARNING  test_trigger:test_trigger.py:164 ERROR state reached in test: test_normal_shutdown_sequence, waiting for: RUNNING
WARNING  test_trigger:test_trigger.py:164 ERROR state reached in test: test_normal_shutdown_sequence, waiting for: RUNNING
WARNING  test_trigger:test_trigger.py:164 ERROR state reached in test: test_normal_shutdown_sequence, waiting for: RUNNING
WARNING  test_trigger:test_trigger.py:164 ERROR state reached in test: test_normal_shutdown_sequence, waiting for: RUNNING
WARNING  test_trigger:test_trigger.py:164 ERROR state reached in test: test_normal_shutdown_sequence, waiting for: RUNNING
WARNING  test_trigger:test_trigger.py:164 ERROR state reached in test: test_normal_shutdown_sequence, waiting for: RUNNING
WARNING  test_trigger:test_trigger.py:164 ERROR state reached in test: test_normal_shutdown_sequence, waiting for: RUNNING
WARNING  test_trigger:test_trigger.py:164 ERROR state reached in test: test_normal_shutdown_sequence, waiting for: RUNNING
WARNING  test_trigger:test_trigger.py:164 ERROR state reached in test: test_normal_shutdown_sequence, waiting for: RUNNING
WARNING  test_trigger:test_trigger.py:164 ERROR state reached in test: test_normal_shutdown_sequence, waiting for: RUNNING
WARNING  test_trigger:test_trigger.py:164 ERROR state reached in test: test_normal_shutdown_sequence, waiting for: RUNNING
WARNING  test_trigger:test_trigger.py:164 ERROR state reached in test: test_normal_shutdown_sequence, waiting for: RUNNING
WARNING  test_trigger:test_trigger.py:164 ERROR state reached in test: test_normal_shutdown_sequence, waiting for: RUNNING
WARNING  test_trigger:test_trigger.py:164 ERROR state reached in test: test_normal_shutdown_sequence, waiting for: RUNNING
WARNING  test_trigger:test_trigger.py:164 ERROR state reached in test: test_normal_shutdown_sequence, waiting for: RUNNING
WARNING  test_trigger:test_trigger.py:164 ERROR state reached in test: test_normal_shutdown_sequence, waiting for: RUNNING
WARNING  test_trigger:test_trigger.py:164 ERROR state reached in test: test_normal_shutdown_sequence, waiting for: RUNNING
WARNING  test_trigger:test_trigger.py:164 ERROR state reached in test: test_normal_shutdown_sequence, waiting for: RUNNING
WARNING  test_trigger:test_trigger.py:164 ERROR state reached in test: test_normal_shutdown_sequence, waiting for: RUNNING
WARNING  test_trigger:test_trigger.py:164 ERROR state reached in test: test_normal_shutdown_sequence, waiting for: RUNNING
WARNING  test_trigger:test_trigger.py:164 ERROR state reached in test: test_normal_shutdown_sequence, waiting for: RUNNING
WARNING  test_trigger:test_trigger.py:164 ERROR state reached in test: test_normal_shutdown_sequence, waiting for: RUNNING
WARNING  test_trigger:test_trigger.py:164 ERROR state reached in test: test_normal_shutdown_sequence, waiting for: RUNNING
WARNING  test_trigger:test_trigger.py:164 ERROR state reached in test: test_normal_shutdown_sequence, waiting for: RUNNING
WARNING  test_trigger:test_trigger.py:164 ERROR state reached in test: test_normal_shutdown_sequence, waiting for: RUNNING
WARNING  test_trigger:test_trigger.py:164 ERROR state reached in test: test_normal_shutdown_sequence, waiting for: RUNNING
WARNING  test_trigger:test_trigger.py:164 ERROR state reached in test: test_normal_shutdown_sequence, waiting for: RUNNING
WARNING  test_trigger:test_trigger.py:164 ERROR state reached in test: test_normal_shutdown_sequence, waiting for: RUNNING
WARNING  test_trigger:test_trigger.py:164 ERROR state reached in test: test_normal_shutdown_sequence, waiting for: RUNNING
WARNING  test_trigger:test_trigger.py:164 ERROR state reached in test: test_normal_shutdown_sequence, waiting for: RUNNING
WARNING  test_trigger:test_trigger.py:164 ERROR state reached in test: test_normal_shutdown_sequence, waiting for: RUNNING
WARNING  test_trigger:test_trigger.py:164 ERROR state reached in test: test_normal_shutdown_sequence, waiting for: RUNNING
WARNING  test_trigger:test_trigger.py:164 ERROR state reached in test: test_normal_shutdown_sequence, waiting for: RUNNING
WARNING  test_trigger:test_trigger.py:164 ERROR state reached in test: test_normal_shutdown_sequence, waiting for: RUNNING
WARNING  test_trigger:test_trigger.py:164 ERROR state reached in test: test_normal_shutdown_sequence, waiting for: RUNNING
WARNING  test_trigger:test_trigger.py:164 ERROR state reached in test: test_normal_shutdown_sequence, waiting for: RUNNING
WARNING  test_trigger:test_trigger.py:164 ERROR state reached in test: test_normal_shutdown_sequence, waiting for: RUNNING
WARNING  test_trigger:test_trigger.py:164 ERROR state reached in test: test_normal_shutdown_sequence, waiting for: RUNNING
WARNING  test_trigger:test_trigger.py:164 ERROR state reached in test: test_normal_shutdown_sequence, waiting for: RUNNING
WARNING  test_trigger:test_trigger.py:164 ERROR state reached in test: test_normal_shutdown_sequence, waiting for: RUNNING
WARNING  test_trigger:test_trigger.py:164 ERROR state reached in test: test_normal_shutdown_sequence, waiting for: RUNNING
WARNING  test_trigger:test_trigger.py:164 ERROR state reached in test: test_normal_shutdown_sequence, waiting for: RUNNING
WARNING  test_trigger:test_trigger.py:164 ERROR state reached in test: test_normal_shutdown_sequence, waiting for: RUNNING
WARNING  test_trigger:test_trigger.py:164 ERROR state reached in test: test_normal_shutdown_sequence, waiting for: RUNNING
WARNING  test_trigger:test_trigger.py:164 ERROR state reached in test: test_normal_shutdown_sequence, waiting for: RUNNING
WARNING  test_trigger:test_trigger.py:164 ERROR state reached in test: test_normal_shutdown_sequence, waiting for: RUNNING
WARNING  test_trigger:test_trigger.py:164 ERROR state reached in test: test_normal_shutdown_sequence, waiting for: RUNNING
WARNING  test_trigger:test_trigger.py:164 ERROR state reached in test: test_normal_shutdown_sequence, waiting for: RUNNING
WARNING  test_trigger:test_trigger.py:164 ERROR state reached in test: test_normal_shutdown_sequence, waiting for: RUNNING
WARNING  test_trigger:test_trigger.py:164 ERROR state reached in test: test_normal_shutdown_sequence, waiting for: RUNNING
WARNING  test_trigger:test_trigger.py:164 ERROR state reached in test: test_normal_shutdown_sequence, waiting for: RUNNING
WARNING  test_trigger:test_trigger.py:164 ERROR state reached in test: test_normal_shutdown_sequence, waiting for: RUNNING
WARNING  test_trigger:test_trigger.py:164 ERROR state reached in test: test_normal_shutdown_sequence, waiting for: RUNNING
WARNING  test_trigger:test_trigger.py:164 ERROR state reached in test: test_normal_shutdown_sequence, waiting for: RUNNING
WARNING  test_trigger:test_trigger.py:164 ERROR state reached in test: test_normal_shutdown_sequence, waiting for: RUNNING
WARNING  test_trigger:test_trigger.py:164 ERROR state reached in test: test_normal_shutdown_sequence, waiting for: RUNNING
WARNING  test_trigger:test_trigger.py:164 ERROR state reached in test: test_normal_shutdown_sequence, waiting for: RUNNING
WARNING  test_trigger:test_trigger.py:164 ERROR state reached in test: test_normal_shutdown_sequence, waiting for: RUNNING
WARNING  test_trigger:test_trigger.py:164 ERROR state reached in test: test_normal_shutdown_sequence, waiting for: RUNNING
WARNING  test_trigger:test_trigger.py:164 ERROR state reached in test: test_normal_shutdown_sequence, waiting for: RUNNING
WARNING  test_trigger:test_trigger.py:164 ERROR state reached in test: test_normal_shutdown_sequence, waiting for: RUNNING
WARNING  test_trigger:test_trigger.py:164 ERROR state reached in test: test_normal_shutdown_sequence, waiting for: RUNNING
WARNING  test_trigger:test_trigger.py:164 ERROR state reached in test: test_normal_shutdown_sequence, waiting for: RUNNING
WARNING  test_trigger:test_trigger.py:164 ERROR state reached in test: test_normal_shutdown_sequence, waiting for: RUNNING
WARNING  test_trigger:test_trigger.py:164 ERROR state reached in test: test_normal_shutdown_sequence, waiting for: RUNNING
WARNING  test_trigger:test_trigger.py:164 ERROR state reached in test: test_normal_shutdown_sequence, waiting for: RUNNING
WARNING  test_trigger:test_trigger.py:164 ERROR state reached in test: test_normal_shutdown_sequence, waiting for: RUNNING
WARNING  test_trigger:test_trigger.py:164 ERROR state reached in test: test_normal_shutdown_sequence, waiting for: RUNNING
WARNING  test_trigger:test_trigger.py:164 ERROR state reached in test: test_normal_shutdown_sequence, waiting for: RUNNING
WARNING  test_trigger:test_trigger.py:164 ERROR state reached in test: test_normal_shutdown_sequence, waiting for: RUNNING
WARNING  test_trigger:test_trigger.py:164 ERROR state reached in test: test_normal_shutdown_sequence, waiting for: RUNNING
WARNING  test_trigger:test_trigger.py:164 ERROR state reached in test: test_normal_shutdown_sequence, waiting for: RUNNING
WARNING  test_trigger:test_trigger.py:164 ERROR state reached in test: test_normal_shutdown_sequence, waiting for: RUNNING
WARNING  test_trigger:test_trigger.py:164 ERROR state reached in test: test_normal_shutdown_sequence, waiting for: RUNNING
WARNING  test_trigger:test_trigger.py:164 ERROR state reached in test: test_normal_shutdown_sequence, waiting for: RUNNING
WARNING  test_trigger:test_trigger.py:164 ERROR state reached in test: test_normal_shutdown_sequence, waiting for: RUNNING
WARNING  test_trigger:test_trigger.py:164 ERROR state reached in test: test_normal_shutdown_sequence, waiting for: RUNNING
WARNING  test_trigger:test_trigger.py:164 ERROR state reached in test: test_normal_shutdown_sequence, waiting for: RUNNING
WARNING  test_trigger:test_trigger.py:164 ERROR state reached in test: test_normal_shutdown_sequence, waiting for: RUNNING
WARNING  test_trigger:test_trigger.py:164 ERROR state reached in test: test_normal_shutdown_sequence, waiting for: RUNNING
WARNING  test_trigger:test_trigger.py:164 ERROR state reached in test: test_normal_shutdown_sequence, waiting for: RUNNING
WARNING  test_trigger:test_trigger.py:164 ERROR state reached in test: test_normal_shutdown_sequence, waiting for: RUNNING
WARNING  test_trigger:test_trigger.py:164 ERROR state reached in test: test_normal_shutdown_sequence, waiting for: RUNNING
WARNING  test_trigger:test_trigger.py:164 ERROR state reached in test: test_normal_shutdown_sequence, waiting for: RUNNING
WARNING  test_trigger:test_trigger.py:164 ERROR state reached in test: test_normal_shutdown_sequence, waiting for: RUNNING
WARNING  test_trigger:test_trigger.py:164 ERROR state reached in test: test_normal_shutdown_sequence, waiting for: RUNNING
WARNING  test_trigger:test_trigger.py:164 ERROR state reached in test: test_normal_shutdown_sequence, waiting for: RUNNING
WARNING  test_trigger:test_trigger.py:164 ERROR state reached in test: test_normal_shutdown_sequence, waiting for: RUNNING
WARNING  test_trigger:test_trigger.py:164 ERROR state reached in test: test_normal_shutdown_sequence, waiting for: RUNNING
WARNING  test_trigger:test_trigger.py:164 ERROR state reached in test: test_normal_shutdown_sequence, waiting for: RUNNING
WARNING  test_trigger:test_trigger.py:164 ERROR state reached in test: test_normal_shutdown_sequence, waiting for: RUNNING
WARNING  test_trigger:test_trigger.py:164 ERROR state reached in test: test_normal_shutdown_sequence, waiting for: RUNNING
WARNING  test_trigger:test_trigger.py:164 ERROR state reached in test: test_normal_shutdown_sequence, waiting for: RUNNING
WARNING  test_trigger:test_trigger.py:164 ERROR state reached in test: test_normal_shutdown_sequence, waiting for: RUNNING
WARNING  test_trigger:test_trigger.py:164 ERROR state reached in test: test_normal_shutdown_sequence, waiting for: RUNNING
WARNING  test_trigger:test_trigger.py:164 ERROR state reached in test: test_normal_shutdown_sequence, waiting for: RUNNING
WARNING  test_trigger:test_trigger.py:164 ERROR state reached in test: test_normal_shutdown_sequence, waiting for: RUNNING
WARNING  test_trigger:test_trigger.py:164 ERROR state reached in test: test_normal_shutdown_sequence, waiting for: RUNNING
WARNING  test_trigger:test_trigger.py:164 ERROR state reached in test: test_normal_shutdown_sequence, waiting for: RUNNING
WARNING  test_trigger:test_trigger.py:164 ERROR state reached in test: test_normal_shutdown_sequence, waiting for: RUNNING
WARNING  test_trigger:test_trigger.py:164 ERROR state reached in test: test_normal_shutdown_sequence, waiting for: RUNNING
WARNING  test_trigger:test_trigger.py:164 ERROR state reached in test: test_normal_shutdown_sequence, waiting for: RUNNING
WARNING  test_trigger:test_trigger.py:164 ERROR state reached in test: test_normal_shutdown_sequence, waiting for: RUNNING
WARNING  test_trigger:test_trigger.py:164 ERROR state reached in test: test_normal_shutdown_sequence, waiting for: RUNNING
WARNING  test_trigger:test_trigger.py:164 ERROR state reached in test: test_normal_shutdown_sequence, waiting for: RUNNING
WARNING  test_trigger:test_trigger.py:164 ERROR state reached in test: test_normal_shutdown_sequence, waiting for: RUNNING
WARNING  test_trigger:test_trigger.py:164 ERROR state reached in test: test_normal_shutdown_sequence, waiting for: RUNNING
WARNING  test_trigger:test_trigger.py:164 ERROR state reached in test: test_normal_shutdown_sequence, waiting for: RUNNING
WARNING  test_trigger:test_trigger.py:164 ERROR state reached in test: test_normal_shutdown_sequence, waiting for: RUNNING
WARNING  test_trigger:test_trigger.py:164 ERROR state reached in test: test_normal_shutdown_sequence, waiting for: RUNNING
WARNING  test_trigger:test_trigger.py:164 ERROR state reached in test: test_normal_shutdown_sequence, waiting for: RUNNING
WARNING  test_trigger:test_trigger.py:164 ERROR state reached in test: test_normal_shutdown_sequence, waiting for: RUNNING
WARNING  test_trigger:test_trigger.py:164 ERROR state reached in test: test_normal_shutdown_sequence, waiting for: RUNNING
WARNING  test_trigger:test_trigger.py:164 ERROR state reached in test: test_normal_shutdown_sequence, waiting for: RUNNING
WARNING  test_trigger:test_trigger.py:164 ERROR state reached in test: test_normal_shutdown_sequence, waiting for: RUNNING
WARNING  test_trigger:test_trigger.py:164 ERROR state reached in test: test_normal_shutdown_sequence, waiting for: RUNNING
WARNING  test_trigger:test_trigger.py:164 ERROR state reached in test: test_normal_shutdown_sequence, waiting for: RUNNING
WARNING  test_trigger:test_trigger.py:164 ERROR state reached in test: test_normal_shutdown_sequence, waiting for: RUNNING
WARNING  test_trigger:test_trigger.py:164 ERROR state reached in test: test_normal_shutdown_sequence, waiting for: RUNNING
WARNING  test_trigger:test_trigger.py:164 ERROR state reached in test: test_normal_shutdown_sequence, waiting for: RUNNING
WARNING  test_trigger:test_trigger.py:164 ERROR state reached in test: test_normal_shutdown_sequence, waiting for: RUNNING
WARNING  test_trigger:test_trigger.py:164 ERROR state reached in test: test_normal_shutdown_sequence, waiting for: RUNNING
WARNING  test_trigger:test_trigger.py:164 ERROR state reached in test: test_normal_shutdown_sequence, waiting for: RUNNING
WARNING  test_trigger:test_trigger.py:164 ERROR state reached in test: test_normal_shutdown_sequence, waiting for: RUNNING
WARNING  test_trigger:test_trigger.py:164 ERROR state reached in test: test_normal_shutdown_sequence, waiting for: RUNNING
WARNING  test_trigger:test_trigger.py:164 ERROR state reached in test: test_normal_shutdown_sequence, waiting for: RUNNING
WARNING  test_trigger:test_trigger.py:164 ERROR state reached in test: test_normal_shutdown_sequence, waiting for: RUNNING
WARNING  test_trigger:test_trigger.py:164 ERROR state reached in test: test_normal_shutdown_sequence, waiting for: RUNNING
WARNING  test_trigger:test_trigger.py:164 ERROR state reached in test: test_normal_shutdown_sequence, waiting for: RUNNING
WARNING  test_trigger:test_trigger.py:164 ERROR state reached in test: test_normal_shutdown_sequence, waiting for: RUNNING
WARNING  test_trigger:test_trigger.py:164 ERROR state reached in test: test_normal_shutdown_sequence, waiting for: RUNNING
WARNING  test_trigger:test_trigger.py:164 ERROR state reached in test: test_normal_shutdown_sequence, waiting for: RUNNING
WARNING  test_trigger:test_trigger.py:164 ERROR state reached in test: test_normal_shutdown_sequence, waiting for: RUNNING
WARNING  test_trigger:test_trigger.py:164 ERROR state reached in test: test_normal_shutdown_sequence, waiting for: RUNNING
WARNING  test_trigger:test_trigger.py:164 ERROR state reached in test: test_normal_shutdown_sequence, waiting for: RUNNING
WARNING  test_trigger:test_trigger.py:164 ERROR state reached in test: test_normal_shutdown_sequence, waiting for: RUNNING
WARNING  test_trigger:test_trigger.py:164 ERROR state reached in test: test_normal_shutdown_sequence, waiting for: RUNNING
WARNING  test_trigger:test_trigger.py:164 ERROR state reached in test: test_normal_shutdown_sequence, waiting for: RUNNING
WARNING  test_trigger:test_trigger.py:164 ERROR state reached in test: test_normal_shutdown_sequence, waiting for: RUNNING
WARNING  test_trigger:test_trigger.py:164 ERROR state reached in test: test_normal_shutdown_sequence, waiting for: RUNNING
WARNING  test_trigger:test_trigger.py:164 ERROR state reached in test: test_normal_shutdown_sequence, waiting for: RUNNING
WARNING  test_trigger:test_trigger.py:164 ERROR state reached in test: test_normal_shutdown_sequence, waiting for: RUNNING
WARNING  test_trigger:test_trigger.py:164 ERROR state reached in test: test_normal_shutdown_sequence, waiting for: RUNNING
WARNING  test_trigger:test_trigger.py:164 ERROR state reached in test: test_normal_shutdown_sequence, waiting for: RUNNING
WARNING  test_trigger:test_trigger.py:164 ERROR state reached in test: test_normal_shutdown_sequence, waiting for: RUNNING
WARNING  test_trigger:test_trigger.py:164 ERROR state reached in test: test_normal_shutdown_sequence, waiting for: RUNNING
WARNING  test_trigger:test_trigger.py:164 ERROR state reached in test: test_normal_shutdown_sequence, waiting for: RUNNING
WARNING  test_trigger:test_trigger.py:164 ERROR state reached in test: test_normal_shutdown_sequence, waiting for: RUNNING
WARNING  test_trigger:test_trigger.py:164 ERROR state reached in test: test_normal_shutdown_sequence, waiting for: RUNNING
WARNING  test_trigger:test_trigger.py:164 ERROR state reached in test: test_normal_shutdown_sequence, waiting for: RUNNING
WARNING  test_trigger:test_trigger.py:164 ERROR state reached in test: test_normal_shutdown_sequence, waiting for: RUNNING
WARNING  test_trigger:test_trigger.py:164 ERROR state reached in test: test_normal_shutdown_sequence, waiting for: RUNNING
WARNING  test_trigger:test_trigger.py:164 ERROR state reached in test: test_normal_shutdown_sequence, waiting for: RUNNING
WARNING  test_trigger:test_trigger.py:164 ERROR state reached in test: test_normal_shutdown_sequence, waiting for: RUNNING
WARNING  test_trigger:test_trigger.py:164 ERROR state reached in test: test_normal_shutdown_sequence, waiting for: RUNNING
WARNING  test_trigger:test_trigger.py:164 ERROR state reached in test: test_normal_shutdown_sequence, waiting for: RUNNING
WARNING  test_trigger:test_trigger.py:164 ERROR state reached in test: test_normal_shutdown_sequence, waiting for: RUNNING
WARNING  test_trigger:test_trigger.py:164 ERROR state reached in test: test_normal_shutdown_sequence, waiting for: RUNNING
WARNING  test_trigger:test_trigger.py:164 ERROR state reached in test: test_normal_shutdown_sequence, waiting for: RUNNING
WARNING  test_trigger:test_trigger.py:164 ERROR state reached in test: test_normal_shutdown_sequence, waiting for: RUNNING
WARNING  test_trigger:test_trigger.py:164 ERROR state reached in test: test_normal_shutdown_sequence, waiting for: RUNNING
WARNING  test_trigger:test_trigger.py:164 ERROR state reached in test: test_normal_shutdown_sequence, waiting for: RUNNING
WARNING  test_trigger:test_trigger.py:164 ERROR state reached in test: test_normal_shutdown_sequence, waiting for: RUNNING
WARNING  test_trigger:test_trigger.py:164 ERROR state reached in test: test_normal_shutdown_sequence, waiting for: RUNNING
WARNING  test_trigger:test_trigger.py:164 ERROR state reached in test: test_normal_shutdown_sequence, waiting for: RUNNING
WARNING  test_trigger:test_trigger.py:164 ERROR state reached in test: test_normal_shutdown_sequence, waiting for: RUNNING
WARNING  test_trigger:test_trigger.py:164 ERROR state reached in test: test_normal_shutdown_sequence, waiting for: RUNNING
WARNING  test_trigger:test_trigger.py:164 ERROR state reached in test: test_normal_shutdown_sequence, waiting for: RUNNING
WARNING  test_trigger:test_trigger.py:164 ERROR state reached in test: test_normal_shutdown_sequence, waiting for: RUNNING
WARNING  test_trigger:test_trigger.py:164 ERROR state reached in test: test_normal_shutdown_sequence, waiting for: RUNNING
WARNING  test_trigger:test_trigger.py:164 ERROR state reached in test: test_normal_shutdown_sequence, waiting for: RUNNING
WARNING  test_trigger:test_trigger.py:164 ERROR state reached in test: test_normal_shutdown_sequence, waiting for: RUNNING
WARNING  test_trigger:test_trigger.py:164 ERROR state reached in test: test_normal_shutdown_sequence, waiting for: RUNNING
WARNING  test_trigger:test_trigger.py:164 ERROR state reached in test: test_normal_shutdown_sequence, waiting for: RUNNING
WARNING  test_trigger:test_trigger.py:164 ERROR state reached in test: test_normal_shutdown_sequence, waiting for: RUNNING
WARNING  test_trigger:test_trigger.py:164 ERROR state reached in test: test_normal_shutdown_sequence, waiting for: RUNNING
WARNING  test_trigger:test_trigger.py:164 ERROR state reached in test: test_normal_shutdown_sequence, waiting for: RUNNING
WARNING  test_trigger:test_trigger.py:164 ERROR state reached in test: test_normal_shutdown_sequence, waiting for: RUNNING
WARNING  test_trigger:test_trigger.py:164 ERROR state reached in test: test_normal_shutdown_sequence, waiting for: RUNNING
WARNING  test_trigger:test_trigger.py:164 ERROR state reached in test: test_normal_shutdown_sequence, waiting for: RUNNING
WARNING  test_trigger:test_trigger.py:164 ERROR state reached in test: test_normal_shutdown_sequence, waiting for: RUNNING
WARNING  test_trigger:test_trigger.py:164 ERROR state reached in test: test_normal_shutdown_sequence, waiting for: RUNNING
WARNING  test_trigger:test_trigger.py:164 ERROR state reached in test: test_normal_shutdown_sequence, waiting for: RUNNING
WARNING  test_trigger:test_trigger.py:164 ERROR state reached in test: test_normal_shutdown_sequence, waiting for: RUNNING
WARNING  test_trigger:test_trigger.py:164 ERROR state reached in test: test_normal_shutdown_sequence, waiting for: RUNNING
WARNING  test_trigger:test_trigger.py:164 ERROR state reached in test: test_normal_shutdown_sequence, waiting for: RUNNING
WARNING  test_trigger:test_trigger.py:164 ERROR state reached in test: test_normal_shutdown_sequence, waiting for: RUNNING
WARNING  test_trigger:test_trigger.py:164 ERROR state reached in test: test_normal_shutdown_sequence, waiting for: RUNNING
WARNING  test_trigger:test_trigger.py:164 ERROR state reached in test: test_normal_shutdown_sequence, waiting for: RUNNING
WARNING  test_trigger:test_trigger.py:164 ERROR state reached in test: test_normal_shutdown_sequence, waiting for: RUNNING
WARNING  test_trigger:test_trigger.py:164 ERROR state reached in test: test_normal_shutdown_sequence, waiting for: RUNNING
WARNING  test_trigger:test_trigger.py:164 ERROR state reached in test: test_normal_shutdown_sequence, waiting for: RUNNING
WARNING  test_trigger:test_trigger.py:164 ERROR state reached in test: test_normal_shutdown_sequence, waiting for: RUNNING
WARNING  test_trigger:test_trigger.py:164 ERROR state reached in test: test_normal_shutdown_sequence, waiting for: RUNNING
WARNING  test_trigger:test_trigger.py:164 ERROR state reached in test: test_normal_shutdown_sequence, waiting for: RUNNING
WARNING  test_trigger:test_trigger.py:164 ERROR state reached in test: test_normal_shutdown_sequence, waiting for: RUNNING
WARNING  test_trigger:test_trigger.py:164 ERROR state reached in test: test_normal_shutdown_sequence, waiting for: RUNNING
WARNING  test_trigger:test_trigger.py:164 ERROR state reached in test: test_normal_shutdown_sequence, waiting for: RUNNING
WARNING  test_trigger:test_trigger.py:164 ERROR state reached in test: test_normal_shutdown_sequence, waiting for: RUNNING
WARNING  test_trigger:test_trigger.py:164 ERROR state reached in test: test_normal_shutdown_sequence, waiting for: RUNNING
WARNING  test_trigger:test_trigger.py:164 ERROR state reached in test: test_normal_shutdown_sequence, waiting for: RUNNING
WARNING  test_trigger:test_trigger.py:164 ERROR state reached in test: test_normal_shutdown_sequence, waiting for: RUNNING
WARNING  test_trigger:test_trigger.py:164 ERROR state reached in test: test_normal_shutdown_sequence, waiting for: RUNNING
WARNING  test_trigger:test_trigger.py:164 ERROR state reached in test: test_normal_shutdown_sequence, waiting for: RUNNING
WARNING  test_trigger:test_trigger.py:164 ERROR state reached in test: test_normal_shutdown_sequence, waiting for: RUNNING
WARNING  test_trigger:test_trigger.py:164 ERROR state reached in test: test_normal_shutdown_sequence, waiting for: RUNNING
WARNING  test_trigger:test_trigger.py:164 ERROR state reached in test: test_normal_shutdown_sequence, waiting for: RUNNING
WARNING  test_trigger:test_trigger.py:164 ERROR state reached in test: test_normal_shutdown_sequence, waiting for: RUNNING
WARNING  test_trigger:test_trigger.py:164 ERROR state reached in test: test_normal_shutdown_sequence, waiting for: RUNNING
WARNING  test_trigger:test_trigger.py:164 ERROR state reached in test: test_normal_shutdown_sequence, waiting for: RUNNING
WARNING  test_trigger:test_trigger.py:164 ERROR state reached in test: test_normal_shutdown_sequence, waiting for: RUNNING
WARNING  test_trigger:test_trigger.py:164 ERROR state reached in test: test_normal_shutdown_sequence, waiting for: RUNNING
WARNING  test_trigger:test_trigger.py:164 ERROR state reached in test: test_normal_shutdown_sequence, waiting for: RUNNING
WARNING  test_trigger:test_trigger.py:164 ERROR state reached in test: test_normal_shutdown_sequence, waiting for: RUNNING
WARNING  test_trigger:test_trigger.py:164 ERROR state reached in test: test_normal_shutdown_sequence, waiting for: RUNNING
WARNING  test_trigger:test_trigger.py:164 ERROR state reached in test: test_normal_shutdown_sequence, waiting for: RUNNING
WARNING  test_trigger:test_trigger.py:164 ERROR state reached in test: test_normal_shutdown_sequence, waiting for: RUNNING
WARNING  test_trigger:test_trigger.py:164 ERROR state reached in test: test_normal_shutdown_sequence, waiting for: RUNNING
WARNING  test_trigger:test_trigger.py:164 ERROR state reached in test: test_normal_shutdown_sequence, waiting for: RUNNING
WARNING  test_trigger:test_trigger.py:164 ERROR state reached in test: test_normal_shutdown_sequence, waiting for: RUNNING
WARNING  test_trigger:test_trigger.py:164 ERROR state reached in test: test_normal_shutdown_sequence, waiting for: RUNNING
WARNING  test_trigger:test_trigger.py:164 ERROR state reached in test: test_normal_shutdown_sequence, waiting for: RUNNING
WARNING  test_trigger:test_trigger.py:164 ERROR state reached in test: test_normal_shutdown_sequence, waiting for: RUNNING
WARNING  test_trigger:test_trigger.py:164 ERROR state reached in test: test_normal_shutdown_sequence, waiting for: RUNNING
WARNING  test_trigger:test_trigger.py:164 ERROR state reached in test: test_normal_shutdown_sequence, waiting for: RUNNING
WARNING  test_trigger:test_trigger.py:164 ERROR state reached in test: test_normal_shutdown_sequence, waiting for: RUNNING
WARNING  test_trigger:test_trigger.py:164 ERROR state reached in test: test_normal_shutdown_sequence, waiting for: RUNNING
WARNING  test_trigger:test_trigger.py:164 ERROR state reached in test: test_normal_shutdown_sequence, waiting for: RUNNING
WARNING  test_trigger:test_trigger.py:164 ERROR state reached in test: test_normal_shutdown_sequence, waiting for: RUNNING
WARNING  test_trigger:test_trigger.py:164 ERROR state reached in test: test_normal_shutdown_sequence, waiting for: RUNNING
WARNING  test_trigger:test_trigger.py:164 ERROR state reached in test: test_normal_shutdown_sequence, waiting for: RUNNING
WARNING  test_trigger:test_trigger.py:164 ERROR state reached in test: test_normal_shutdown_sequence, waiting for: RUNNING
WARNING  test_trigger:test_trigger.py:164 ERROR state reached in test: test_normal_shutdown_sequence, waiting for: RUNNING
WARNING  test_trigger:test_trigger.py:164 ERROR state reached in test: test_normal_shutdown_sequence, waiting for: RUNNING
WARNING  test_trigger:test_trigger.py:164 ERROR state reached in test: test_normal_shutdown_sequence, waiting for: RUNNING
WARNING  test_trigger:test_trigger.py:164 ERROR state reached in test: test_normal_shutdown_sequence, waiting for: RUNNING
WARNING  test_trigger:test_trigger.py:164 ERROR state reached in test: test_normal_shutdown_sequence, waiting for: RUNNING
WARNING  test_trigger:test_trigger.py:164 ERROR state reached in test: test_normal_shutdown_sequence, waiting for: RUNNING
WARNING  test_trigger:test_trigger.py:164 ERROR state reached in test: test_normal_shutdown_sequence, waiting for: RUNNING
WARNING  test_trigger:test_trigger.py:164 ERROR state reached in test: test_normal_shutdown_sequence, waiting for: RUNNING
WARNING  test_trigger:test_trigger.py:164 ERROR state reached in test: test_normal_shutdown_sequence, waiting for: RUNNING
WARNING  test_trigger:test_trigger.py:164 ERROR state reached in test: test_normal_shutdown_sequence, waiting for: RUNNING
WARNING  test_trigger:test_trigger.py:164 ERROR state reached in test: test_normal_shutdown_sequence, waiting for: RUNNING
WARNING  test_trigger:test_trigger.py:164 ERROR state reached in test: test_normal_shutdown_sequence, waiting for: RUNNING
WARNING  test_trigger:test_trigger.py:164 ERROR state reached in test: test_normal_shutdown_sequence, waiting for: RUNNING
WARNING  test_trigger:test_trigger.py:164 ERROR state reached in test: test_normal_shutdown_sequence, waiting for: RUNNING
WARNING  test_trigger:test_trigger.py:164 ERROR state reached in test: test_normal_shutdown_sequence, waiting for: RUNNING
WARNING  test_trigger:test_trigger.py:164 ERROR state reached in test: test_normal_shutdown_sequence, waiting for: RUNNING
WARNING  test_trigger:test_trigger.py:164 ERROR state reached in test: test_normal_shutdown_sequence, waiting for: RUNNING
WARNING  test_trigger:test_trigger.py:164 ERROR state reached in test: test_normal_shutdown_sequence, waiting for: RUNNING
WARNING  test_trigger:test_trigger.py:164 ERROR state reached in test: test_normal_shutdown_sequence, waiting for: RUNNING
WARNING  test_trigger:test_trigger.py:164 ERROR state reached in test: test_normal_shutdown_sequence, waiting for: RUNNING
WARNING  test_trigger:test_trigger.py:164 ERROR state reached in test: test_normal_shutdown_sequence, waiting for: RUNNING
WARNING  test_trigger:test_trigger.py:164 ERROR state reached in test: test_normal_shutdown_sequence, waiting for: RUNNING
WARNING  test_trigger:test_trigger.py:164 ERROR state reached in test: test_normal_shutdown_sequence, waiting for: RUNNING
WARNING  test_trigger:test_trigger.py:164 ERROR state reached in test: test_normal_shutdown_sequence, waiting for: RUNNING
WARNING  test_trigger:test_trigger.py:164 ERROR state reached in test: test_normal_shutdown_sequence, waiting for: RUNNING
WARNING  test_trigger:test_trigger.py:164 ERROR state reached in test: test_normal_shutdown_sequence, waiting for: RUNNING
WARNING  test_trigger:test_trigger.py:164 ERROR state reached in test: test_normal_shutdown_sequence, waiting for: RUNNING
WARNING  test_trigger:test_trigger.py:164 ERROR state reached in test: test_normal_shutdown_sequence, waiting for: RUNNING
WARNING  test_trigger:test_trigger.py:164 ERROR state reached in test: test_normal_shutdown_sequence, waiting for: RUNNING
WARNING  test_trigger:test_trigger.py:164 ERROR state reached in test: test_normal_shutdown_sequence, waiting for: RUNNING
WARNING  test_trigger:test_trigger.py:164 ERROR state reached in test: test_normal_shutdown_sequence, waiting for: RUNNING
WARNING  test_trigger:test_trigger.py:164 ERROR state reached in test: test_normal_shutdown_sequence, waiting for: RUNNING
WARNING  test_trigger:test_trigger.py:164 ERROR state reached in test: test_normal_shutdown_sequence, waiting for: RUNNING
WARNING  test_trigger:test_trigger.py:164 ERROR state reached in test: test_normal_shutdown_sequence, waiting for: RUNNING
WARNING  test_trigger:test_trigger.py:164 ERROR state reached in test: test_normal_shutdown_sequence, waiting for: RUNNING
WARNING  test_trigger:test_trigger.py:164 ERROR state reached in test: test_normal_shutdown_sequence, waiting for: RUNNING
WARNING  test_trigger:test_trigger.py:164 ERROR state reached in test: test_normal_shutdown_sequence, waiting for: RUNNING
WARNING  test_trigger:test_trigger.py:164 ERROR state reached in test: test_normal_shutdown_sequence, waiting for: RUNNING
WARNING  test_trigger:test_trigger.py:164 ERROR state reached in test: test_normal_shutdown_sequence, waiting for: RUNNING
WARNING  test_trigger:test_trigger.py:164 ERROR state reached in test: test_normal_shutdown_sequence, waiting for: RUNNING
WARNING  test_trigger:test_trigger.py:164 ERROR state reached in test: test_normal_shutdown_sequence, waiting for: RUNNING
WARNING  test_trigger:test_trigger.py:164 ERROR state reached in test: test_normal_shutdown_sequence, waiting for: RUNNING
WARNING  test_trigger:test_trigger.py:164 ERROR state reached in test: test_normal_shutdown_sequence, waiting for: RUNNING
WARNING  test_trigger:test_trigger.py:164 ERROR state reached in test: test_normal_shutdown_sequence, waiting for: RUNNING
WARNING  test_trigger:test_trigger.py:164 ERROR state reached in test: test_normal_shutdown_sequence, waiting for: RUNNING
WARNING  test_trigger:test_trigger.py:164 ERROR state reached in test: test_normal_shutdown_sequence, waiting for: RUNNING
WARNING  test_trigger:test_trigger.py:164 ERROR state reached in test: test_normal_shutdown_sequence, waiting for: RUNNING
WARNING  test_trigger:test_trigger.py:164 ERROR state reached in test: test_normal_shutdown_sequence, waiting for: RUNNING
WARNING  test_trigger:test_trigger.py:164 ERROR state reached in test: test_normal_shutdown_sequence, waiting for: RUNNING
WARNING  test_trigger:test_trigger.py:164 ERROR state reached in test: test_normal_shutdown_sequence, waiting for: RUNNING
WARNING  test_trigger:test_trigger.py:164 ERROR state reached in test: test_normal_shutdown_sequence, waiting for: RUNNING
WARNING  test_trigger:test_trigger.py:164 ERROR state reached in test: test_normal_shutdown_sequence, waiting for: RUNNING
WARNING  test_trigger:test_trigger.py:164 ERROR state reached in test: test_normal_shutdown_sequence, waiting for: RUNNING
WARNING  test_trigger:test_trigger.py:164 ERROR state reached in test: test_normal_shutdown_sequence, waiting for: RUNNING
WARNING  test_trigger:test_trigger.py:164 ERROR state reached in test: test_normal_shutdown_sequence, waiting for: RUNNING
WARNING  test_trigger:test_trigger.py:164 ERROR state reached in test: test_normal_shutdown_sequence, waiting for: RUNNING
WARNING  test_trigger:test_trigger.py:164 ERROR state reached in test: test_normal_shutdown_sequence, waiting for: RUNNING
WARNING  test_trigger:test_trigger.py:164 ERROR state reached in test: test_normal_shutdown_sequence, waiting for: RUNNING
WARNING  test_trigger:test_trigger.py:164 ERROR state reached in test: test_normal_shutdown_sequence, waiting for: RUNNING
WARNING  test_trigger:test_trigger.py:164 ERROR state reached in test: test_normal_shutdown_sequence, waiting for: RUNNING
WARNING  test_trigger:test_trigger.py:164 ERROR state reached in test: test_normal_shutdown_sequence, waiting for: RUNNING
WARNING  test_trigger:test_trigger.py:164 ERROR state reached in test: test_normal_shutdown_sequence, waiting for: RUNNING
WARNING  test_trigger:test_trigger.py:164 ERROR state reached in test: test_normal_shutdown_sequence, waiting for: RUNNING
WARNING  test_trigger:test_trigger.py:164 ERROR state reached in test: test_normal_shutdown_sequence, waiting for: RUNNING
WARNING  test_trigger:test_trigger.py:164 ERROR state reached in test: test_normal_shutdown_sequence, waiting for: RUNNING
WARNING  test_trigger:test_trigger.py:164 ERROR state reached in test: test_normal_shutdown_sequence, waiting for: RUNNING
WARNING  test_trigger:test_trigger.py:164 ERROR state reached in test: test_normal_shutdown_sequence, waiting for: RUNNING
WARNING  test_trigger:test_trigger.py:164 ERROR state reached in test: test_normal_shutdown_sequence, waiting for: RUNNING
WARNING  test_trigger:test_trigger.py:164 ERROR state reached in test: test_normal_shutdown_sequence, waiting for: RUNNING
WARNING  test_trigger:test_trigger.py:164 ERROR state reached in test: test_normal_shutdown_sequence, waiting for: RUNNING
WARNING  test_trigger:test_trigger.py:164 ERROR state reached in test: test_normal_shutdown_sequence, waiting for: RUNNING
WARNING  test_trigger:test_trigger.py:164 ERROR state reached in test: test_normal_shutdown_sequence, waiting for: RUNNING
WARNING  test_trigger:test_trigger.py:164 ERROR state reached in test: test_normal_shutdown_sequence, waiting for: RUNNING
WARNING  test_trigger:test_trigger.py:164 ERROR state reached in test: test_normal_shutdown_sequence, waiting for: RUNNING
WARNING  test_trigger:test_trigger.py:164 ERROR state reached in test: test_normal_shutdown_sequence, waiting for: RUNNING
WARNING  test_trigger:test_trigger.py:164 ERROR state reached in test: test_normal_shutdown_sequence, waiting for: RUNNING
WARNING  test_trigger:test_trigger.py:164 ERROR state reached in test: test_normal_shutdown_sequence, waiting for: RUNNING
WARNING  test_trigger:test_trigger.py:164 ERROR state reached in test: test_normal_shutdown_sequence, waiting for: RUNNING
WARNING  test_trigger:test_trigger.py:164 ERROR state reached in test: test_normal_shutdown_sequence, waiting for: RUNNING
WARNING  test_trigger:test_trigger.py:164 ERROR state reached in test: test_normal_shutdown_sequence, waiting for: RUNNING
WARNING  test_trigger:test_trigger.py:164 ERROR state reached in test: test_normal_shutdown_sequence, waiting for: RUNNING
WARNING  test_trigger:test_trigger.py:164 ERROR state reached in test: test_normal_shutdown_sequence, waiting for: RUNNING
WARNING  test_trigger:test_trigger.py:164 ERROR state reached in test: test_normal_shutdown_sequence, waiting for: RUNNING
WARNING  test_trigger:test_trigger.py:164 ERROR state reached in test: test_normal_shutdown_sequence, waiting for: RUNNING
WARNING  test_trigger:test_trigger.py:164 ERROR state reached in test: test_normal_shutdown_sequence, waiting for: RUNNING
WARNING  test_trigger:test_trigger.py:164 ERROR state reached in test: test_normal_shutdown_sequence, waiting for: RUNNING
WARNING  test_trigger:test_trigger.py:164 ERROR state reached in test: test_normal_shutdown_sequence, waiting for: RUNNING
WARNING  test_trigger:test_trigger.py:164 ERROR state reached in test: test_normal_shutdown_sequence, waiting for: RUNNING
WARNING  test_trigger:test_trigger.py:164 ERROR state reached in test: test_normal_shutdown_sequence, waiting for: RUNNING
WARNING  test_trigger:test_trigger.py:164 ERROR state reached in test: test_normal_shutdown_sequence, waiting for: RUNNING
WARNING  test_trigger:test_trigger.py:164 ERROR state reached in test: test_normal_shutdown_sequence, waiting for: RUNNING
WARNING  test_trigger:test_trigger.py:164 ERROR state reached in test: test_normal_shutdown_sequence, waiting for: RUNNING
WARNING  test_trigger:test_trigger.py:164 ERROR state reached in test: test_normal_shutdown_sequence, waiting for: RUNNING
WARNING  test_trigger:test_trigger.py:164 ERROR state reached in test: test_normal_shutdown_sequence, waiting for: RUNNING
WARNING  test_trigger:test_trigger.py:164 ERROR state reached in test: test_normal_shutdown_sequence, waiting for: RUNNING
WARNING  test_trigger:test_trigger.py:164 ERROR state reached in test: test_normal_shutdown_sequence, waiting for: RUNNING
WARNING  test_trigger:test_trigger.py:164 ERROR state reached in test: test_normal_shutdown_sequence, waiting for: RUNNING
WARNING  test_trigger:test_trigger.py:164 ERROR state reached in test: test_normal_shutdown_sequence, waiting for: RUNNING
WARNING  test_trigger:test_trigger.py:164 ERROR state reached in test: test_normal_shutdown_sequence, waiting for: RUNNING
WARNING  test_trigger:test_trigger.py:164 ERROR state reached in test: test_normal_shutdown_sequence, waiting for: RUNNING
WARNING  test_trigger:test_trigger.py:164 ERROR state reached in test: test_normal_shutdown_sequence, waiting for: RUNNING
WARNING  test_trigger:test_trigger.py:164 ERROR state reached in test: test_normal_shutdown_sequence, waiting for: RUNNING
WARNING  test_trigger:test_trigger.py:164 ERROR state reached in test: test_normal_shutdown_sequence, waiting for: RUNNING
WARNING  test_trigger:test_trigger.py:164 ERROR state reached in test: test_normal_shutdown_sequence, waiting for: RUNNING
WARNING  test_trigger:test_trigger.py:164 ERROR state reached in test: test_normal_shutdown_sequence, waiting for: RUNNING
WARNING  test_trigger:test_trigger.py:164 ERROR state reached in test: test_normal_shutdown_sequence, waiting for: RUNNING
WARNING  test_trigger:test_trigger.py:164 ERROR state reached in test: test_normal_shutdown_sequence, waiting for: RUNNING
WARNING  test_trigger:test_trigger.py:164 ERROR state reached in test: test_normal_shutdown_sequence, waiting for: RUNNING
WARNING  test_trigger:test_trigger.py:164 ERROR state reached in test: test_normal_shutdown_sequence, waiting for: RUNNING
WARNING  test_trigger:test_trigger.py:164 ERROR state reached in test: test_normal_shutdown_sequence, waiting for: RUNNING
WARNING  test_trigger:test_trigger.py:164 ERROR state reached in test: test_normal_shutdown_sequence, waiting for: RUNNING
WARNING  test_trigger:test_trigger.py:164 ERROR state reached in test: test_normal_shutdown_sequence, waiting for: RUNNING
WARNING  test_trigger:test_trigger.py:164 ERROR state reached in test: test_normal_shutdown_sequence, waiting for: RUNNING
WARNING  test_trigger:test_trigger.py:164 ERROR state reached in test: test_normal_shutdown_sequence, waiting for: RUNNING
WARNING  test_trigger:test_trigger.py:164 ERROR state reached in test: test_normal_shutdown_sequence, waiting for: RUNNING
WARNING  test_trigger:test_trigger.py:164 ERROR state reached in test: test_normal_shutdown_sequence, waiting for: RUNNING
WARNING  test_trigger:test_trigger.py:164 ERROR state reached in test: test_normal_shutdown_sequence, waiting for: RUNNING
WARNING  test_trigger:test_trigger.py:164 ERROR state reached in test: test_normal_shutdown_sequence, waiting for: RUNNING
WARNING  test_trigger:test_trigger.py:164 ERROR state reached in test: test_normal_shutdown_sequence, waiting for: RUNNING
WARNING  test_trigger:test_trigger.py:164 ERROR state reached in test: test_normal_shutdown_sequence, waiting for: RUNNING
WARNING  test_trigger:test_trigger.py:164 ERROR state reached in test: test_normal_shutdown_sequence, waiting for: RUNNING
WARNING  test_trigger:test_trigger.py:164 ERROR state reached in test: test_normal_shutdown_sequence, waiting for: RUNNING
WARNING  test_trigger:test_trigger.py:164 ERROR state reached in test: test_normal_shutdown_sequence, waiting for: RUNNINGEMERGENCY BUTTON PRESSED - Manual fire trigger activated!

--------------------------- Captured stdout teardown ---------------------------

 ERROR states in this test: 1
  1. Main valve not open - aborting engine start
---------------------------- Captured log teardown -----------------------------
WARNING  trigger:trigger.py:529 MQTT disconnected with code 0
=========================== short test summary info ============================
FAILED tests/test_trigger.py::TestBasicOperation::test_normal_shutdown_sequence
=================== 1 failed, 43 passed in 145.84s (0:02:25) ===================
